
 10/300 [>.............................] - ETA: 44s - loss: 16.9852 - acc: 0.0000e+00
 20/300 [=>............................] - ETA: 22s - loss: 13.6094 - acc: 0.1500    
 40/300 [===>..........................] - ETA: 10s - loss: 11.7956 - acc: 0.1750
 60/300 [=====>........................] - ETA: 6s - loss: 10.7038 - acc: 0.1500 
 80/300 [=======>......................] - ETA: 4s - loss: 9.8149 - acc: 0.1500 
100/300 [=========>....................] - ETA: 3s - loss: 9.1126 - acc: 0.1300
120/300 [===========>..................] - ETA: 2s - loss: 8.6119 - acc: 0.1167
140/300 [=============>................] - ETA: 2s - loss: 8.1002 - acc: 0.1143
160/300 [===============>..............] - ETA: 1s - loss: 7.7442 - acc: 0.1063
180/300 [=================>............] - ETA: 1s - loss: 7.4546 - acc: 0.1000
200/300 [===================>..........] - ETA: 1s - loss: 7.1784 - acc: 0.0950
220/300 [=====================>........] - ETA: 0s - loss: 6.9276 - acc: 0.0909
240/300 [=======================>......] - ETA: 0s - loss: 6.6709 - acc: 0.0958
260/300 [=========================>....] - ETA: 0s - loss: 6.4801 - acc: 0.0962
280/300 [===========================>..] - ETA: 0s - loss: 6.3029 - acc: 0.1000
300/300 [==============================] - 3s 8ms/step - loss: 6.1239 - acc: 0.1033
Epoch 2/30

 10/300 [>.............................] - ETA: 0s - loss: 4.0554 - acc: 0.0000e+00
 30/300 [==>...........................] - ETA: 0s - loss: 3.8022 - acc: 0.1333    
 50/300 [====>.........................] - ETA: 0s - loss: 3.5874 - acc: 0.1600
 70/300 [======>.......................] - ETA: 0s - loss: 3.5785 - acc: 0.1429
 90/300 [========>.....................] - ETA: 0s - loss: 3.5508 - acc: 0.1444
110/300 [==========>...................] - ETA: 0s - loss: 3.4957 - acc: 0.1273
130/300 [============>.................] - ETA: 0s - loss: 3.5669 - acc: 0.1077
150/300 [==============>...............] - ETA: 0s - loss: 3.5079 - acc: 0.1200
170/300 [================>.............] - ETA: 0s - loss: 3.5186 - acc: 0.1176
190/300 [==================>...........] - ETA: 0s - loss: 3.5451 - acc: 0.1053
210/300 [====================>.........] - ETA: 0s - loss: 3.5313 - acc: 0.1000
230/300 [======================>.......] - ETA: 0s - loss: 3.4952 - acc: 0.1000
250/300 [========================>.....] - ETA: 0s - loss: 3.4477 - acc: 0.1120
270/300 [==========================>...] - ETA: 0s - loss: 3.4563 - acc: 0.1037
290/300 [============================>.] - ETA: 0s - loss: 3.4510 - acc: 0.1034
300/300 [==============================] - 1s 3ms/step - loss: 3.4593 - acc: 0.1033
Epoch 3/30

 10/300 [>.............................] - ETA: 0s - loss: 3.4768 - acc: 0.2000
 30/300 [==>...........................] - ETA: 0s - loss: 3.5123 - acc: 0.1333
 50/300 [====>.........................] - ETA: 0s - loss: 3.3752 - acc: 0.1400
 70/300 [======>.......................] - ETA: 0s - loss: 3.3214 - acc: 0.1286
 90/300 [========>.....................] - ETA: 0s - loss: 3.2446 - acc: 0.1000
110/300 [==========>...................] - ETA: 0s - loss: 3.2421 - acc: 0.0909
130/300 [============>.................] - ETA: 0s - loss: 3.2495 - acc: 0.0923
150/300 [==============>...............] - ETA: 0s - loss: 3.2728 - acc: 0.0800
170/300 [================>.............] - ETA: 0s - loss: 3.2411 - acc: 0.0882
190/300 [==================>...........] - ETA: 0s - loss: 3.2704 - acc: 0.0895
210/300 [====================>.........] - ETA: 0s - loss: 3.2577 - acc: 0.0857
230/300 [======================>.......] - ETA: 0s - loss: 3.2108 - acc: 0.1087
250/300 [========================>.....] - ETA: 0s - loss: 3.1989 - acc: 0.1000
270/300 [==========================>...] - ETA: 0s - loss: 3.1530 - acc: 0.1222
290/300 [============================>.] - ETA: 0s - loss: 3.1689 - acc: 0.1241
300/300 [==============================] - 1s 3ms/step - loss: 3.1964 - acc: 0.1233
Epoch 4/30

 10/300 [>.............................] - ETA: 0s - loss: 3.3283 - acc: 0.1000
 30/300 [==>...........................] - ETA: 0s - loss: 3.1950 - acc: 0.0333
 50/300 [====>.........................] - ETA: 0s - loss: 3.1005 - acc: 0.0400
 70/300 [======>.......................] - ETA: 0s - loss: 3.1091 - acc: 0.0714
 90/300 [========>.....................] - ETA: 0s - loss: 3.0768 - acc: 0.0778
110/300 [==========>...................] - ETA: 0s - loss: 3.0755 - acc: 0.1000
130/300 [============>.................] - ETA: 0s - loss: 3.0518 - acc: 0.0923
150/300 [==============>...............] - ETA: 0s - loss: 3.0598 - acc: 0.1067
170/300 [================>.............] - ETA: 0s - loss: 3.0465 - acc: 0.1059
190/300 [==================>...........] - ETA: 0s - loss: 3.0631 - acc: 0.1053
210/300 [====================>.........] - ETA: 0s - loss: 3.0979 - acc: 0.0952
230/300 [======================>.......] - ETA: 0s - loss: 3.1053 - acc: 0.1000
250/300 [========================>.....] - ETA: 0s - loss: 3.1001 - acc: 0.1000
270/300 [==========================>...] - ETA: 0s - loss: 3.0896 - acc: 0.1037
290/300 [============================>.] - ETA: 0s - loss: 3.0732 - acc: 0.1034
300/300 [==============================] - 1s 3ms/step - loss: 3.0817 - acc: 0.1000
Epoch 5/30

 10/300 [>.............................] - ETA: 0s - loss: 3.2416 - acc: 0.0000e+00
 30/300 [==>...........................] - ETA: 0s - loss: 3.0972 - acc: 0.0333    
 50/300 [====>.........................] - ETA: 0s - loss: 3.1016 - acc: 0.0400
 70/300 [======>.......................] - ETA: 0s - loss: 3.1451 - acc: 0.0857
 90/300 [========>.....................] - ETA: 0s - loss: 3.1267 - acc: 0.0889
110/300 [==========>...................] - ETA: 0s - loss: 3.0589 - acc: 0.1000
130/300 [============>.................] - ETA: 0s - loss: 3.0270 - acc: 0.1077
150/300 [==============>...............] - ETA: 0s - loss: 3.0443 - acc: 0.1000
170/300 [================>.............] - ETA: 0s - loss: 3.0654 - acc: 0.1000
190/300 [==================>...........] - ETA: 0s - loss: 3.0587 - acc: 0.1000
210/300 [====================>.........] - ETA: 0s - loss: 3.0361 - acc: 0.1000
230/300 [======================>.......] - ETA: 0s - loss: 3.0202 - acc: 0.1043
250/300 [========================>.....] - ETA: 0s - loss: 3.0292 - acc: 0.1040
270/300 [==========================>...] - ETA: 0s - loss: 3.0199 - acc: 0.1037
290/300 [============================>.] - ETA: 0s - loss: 3.0277 - acc: 0.1069
300/300 [==============================] - 1s 3ms/step - loss: 3.0044 - acc: 0.1100
Epoch 6/30

 10/300 [>.............................] - ETA: 1s - loss: 2.9256 - acc: 0.1000
 30/300 [==>...........................] - ETA: 0s - loss: 3.0074 - acc: 0.0667
 50/300 [====>.........................] - ETA: 0s - loss: 3.0930 - acc: 0.0800
 70/300 [======>.......................] - ETA: 0s - loss: 3.0676 - acc: 0.1143
 90/300 [========>.....................] - ETA: 0s - loss: 3.0508 - acc: 0.1111
110/300 [==========>...................] - ETA: 0s - loss: 3.0471 - acc: 0.1091
130/300 [============>.................] - ETA: 0s - loss: 3.0577 - acc: 0.1385
150/300 [==============>...............] - ETA: 0s - loss: 2.9602 - acc: 0.1467
170/300 [================>.............] - ETA: 0s - loss: 2.9597 - acc: 0.1353
190/300 [==================>...........] - ETA: 0s - loss: 2.9589 - acc: 0.1421
210/300 [====================>.........] - ETA: 0s - loss: 3.0270 - acc: 0.1286
230/300 [======================>.......] - ETA: 0s - loss: 2.9833 - acc: 0.1217
250/300 [========================>.....] - ETA: 0s - loss: 2.9908 - acc: 0.1240
270/300 [==========================>...] - ETA: 0s - loss: 3.0003 - acc: 0.1185
290/300 [============================>.] - ETA: 0s - loss: 2.9700 - acc: 0.1138
300/300 [==============================] - 1s 3ms/step - loss: 2.9484 - acc: 0.1100
Epoch 7/30

 10/300 [>.............................] - ETA: 0s - loss: 2.8393 - acc: 0.2000
 30/300 [==>...........................] - ETA: 0s - loss: 2.6883 - acc: 0.1333
 50/300 [====>.........................] - ETA: 0s - loss: 2.8921 - acc: 0.1200
 70/300 [======>.......................] - ETA: 0s - loss: 2.9488 - acc: 0.1571
 90/300 [========>.....................] - ETA: 0s - loss: 2.9962 - acc: 0.1556
110/300 [==========>...................] - ETA: 0s - loss: 3.0193 - acc: 0.1636
130/300 [============>.................] - ETA: 0s - loss: 2.9943 - acc: 0.1462
150/300 [==============>...............] - ETA: 0s - loss: 2.9386 - acc: 0.1400
170/300 [================>.............] - ETA: 0s - loss: 2.8967 - acc: 0.1353
190/300 [==================>...........] - ETA: 0s - loss: 2.9095 - acc: 0.1421
210/300 [====================>.........] - ETA: 0s - loss: 2.8895 - acc: 0.1333
230/300 [======================>.......] - ETA: 0s - loss: 2.8928 - acc: 0.1391
250/300 [========================>.....] - ETA: 0s - loss: 2.8986 - acc: 0.1320
270/300 [==========================>...] - ETA: 0s - loss: 2.8819 - acc: 0.1296
290/300 [============================>.] - ETA: 0s - loss: 2.9042 - acc: 0.1310
300/300 [==============================] - 1s 3ms/step - loss: 2.8994 - acc: 0.1267
Epoch 8/30

 10/300 [>.............................] - ETA: 0s - loss: 2.8201 - acc: 0.0000e+00
 30/300 [==>...........................] - ETA: 0s - loss: 2.7638 - acc: 0.0333    
 50/300 [====>.........................] - ETA: 0s - loss: 2.8157 - acc: 0.1000
 70/300 [======>.......................] - ETA: 0s - loss: 2.7332 - acc: 0.1000
 90/300 [========>.....................] - ETA: 0s - loss: 2.8097 - acc: 0.1111
110/300 [==========>...................] - ETA: 0s - loss: 2.8342 - acc: 0.1091
130/300 [============>.................] - ETA: 0s - loss: 2.8366 - acc: 0.1077
150/300 [==============>...............] - ETA: 0s - loss: 2.8947 - acc: 0.1000
170/300 [================>.............] - ETA: 0s - loss: 2.8820 - acc: 0.1000
190/300 [==================>...........] - ETA: 0s - loss: 2.8907 - acc: 0.1105
210/300 [====================>.........] - ETA: 0s - loss: 2.8719 - acc: 0.1286
230/300 [======================>.......] - ETA: 0s - loss: 2.9107 - acc: 0.1261
250/300 [========================>.....] - ETA: 0s - loss: 2.9084 - acc: 0.1200
270/300 [==========================>...] - ETA: 0s - loss: 2.9147 - acc: 0.1185
290/300 [============================>.] - ETA: 0s - loss: 2.8810 - acc: 0.1241
300/300 [==============================] - 1s 3ms/step - loss: 2.8651 - acc: 0.1233
Epoch 9/30

 10/300 [>.............................] - ETA: 0s - loss: 3.5528 - acc: 0.1000
 30/300 [==>...........................] - ETA: 0s - loss: 3.2085 - acc: 0.1000
 50/300 [====>.........................] - ETA: 0s - loss: 2.8987 - acc: 0.1000
 70/300 [======>.......................] - ETA: 0s - loss: 2.8911 - acc: 0.1571
 90/300 [========>.....................] - ETA: 0s - loss: 2.8870 - acc: 0.1444
110/300 [==========>...................] - ETA: 0s - loss: 2.8520 - acc: 0.1545
130/300 [============>.................] - ETA: 0s - loss: 2.8587 - acc: 0.1462
150/300 [==============>...............] - ETA: 0s - loss: 2.8778 - acc: 0.1333
170/300 [================>.............] - ETA: 0s - loss: 2.8639 - acc: 0.1235
190/300 [==================>...........] - ETA: 0s - loss: 2.8025 - acc: 0.1263
210/300 [====================>.........] - ETA: 0s - loss: 2.8412 - acc: 0.1190
230/300 [======================>.......] - ETA: 0s - loss: 2.8256 - acc: 0.1174
250/300 [========================>.....] - ETA: 0s - loss: 2.8408 - acc: 0.1200
270/300 [==========================>...] - ETA: 0s - loss: 2.8440 - acc: 0.1259
290/300 [============================>.] - ETA: 0s - loss: 2.8373 - acc: 0.1345
300/300 [==============================] - 1s 3ms/step - loss: 2.8362 - acc: 0.1367
Epoch 10/30

 10/300 [>.............................] - ETA: 0s - loss: 3.0993 - acc: 0.2000
 30/300 [==>...........................] - ETA: 0s - loss: 3.0302 - acc: 0.1000
 50/300 [====>.........................] - ETA: 0s - loss: 2.9115 - acc: 0.0600
 70/300 [======>.......................] - ETA: 0s - loss: 2.8525 - acc: 0.0857
 90/300 [========>.....................] - ETA: 0s - loss: 2.8548 - acc: 0.1111
110/300 [==========>...................] - ETA: 0s - loss: 2.8051 - acc: 0.1000
130/300 [============>.................] - ETA: 0s - loss: 2.8131 - acc: 0.1077
150/300 [==============>...............] - ETA: 0s - loss: 2.8274 - acc: 0.1133
170/300 [================>.............] - ETA: 0s - loss: 2.7907 - acc: 0.1294
190/300 [==================>...........] - ETA: 0s - loss: 2.8101 - acc: 0.1316
210/300 [====================>.........] - ETA: 0s - loss: 2.8209 - acc: 0.1286
230/300 [======================>.......] - ETA: 0s - loss: 2.8268 - acc: 0.1261
250/300 [========================>.....] - ETA: 0s - loss: 2.8234 - acc: 0.1280
270/300 [==========================>...] - ETA: 0s - loss: 2.8101 - acc: 0.1296
290/300 [============================>.] - ETA: 0s - loss: 2.8078 - acc: 0.1414
300/300 [==============================] - 1s 3ms/step - loss: 2.8123 - acc: 0.1400
Epoch 11/30

 10/300 [>.............................] - ETA: 0s - loss: 2.5212 - acc: 0.3000
 30/300 [==>...........................] - ETA: 0s - loss: 2.8745 - acc: 0.1667
 50/300 [====>.........................] - ETA: 0s - loss: 2.7407 - acc: 0.1400
 70/300 [======>.......................] - ETA: 0s - loss: 2.8177 - acc: 0.1429
 90/300 [========>.....................] - ETA: 0s - loss: 2.8566 - acc: 0.1444
110/300 [==========>...................] - ETA: 0s - loss: 2.8220 - acc: 0.1636
130/300 [============>.................] - ETA: 0s - loss: 2.7603 - acc: 0.1615
150/300 [==============>...............] - ETA: 0s - loss: 2.7889 - acc: 0.1533
170/300 [================>.............] - ETA: 0s - loss: 2.7780 - acc: 0.1588
190/300 [==================>...........] - ETA: 0s - loss: 2.8116 - acc: 0.1632
210/300 [====================>.........] - ETA: 0s - loss: 2.8106 - acc: 0.1524
230/300 [======================>.......] - ETA: 0s - loss: 2.7763 - acc: 0.1565
250/300 [========================>.....] - ETA: 0s - loss: 2.7721 - acc: 0.1600
270/300 [==========================>...] - ETA: 0s - loss: 2.7993 - acc: 0.1519
290/300 [============================>.] - ETA: 0s - loss: 2.7996 - acc: 0.1517
300/300 [==============================] - 1s 3ms/step - loss: 2.7925 - acc: 0.1500
Epoch 12/30

 10/300 [>.............................] - ETA: 0s - loss: 2.5904 - acc: 0.1000
 30/300 [==>...........................] - ETA: 0s - loss: 2.7292 - acc: 0.0667
 50/300 [====>.........................] - ETA: 0s - loss: 2.7817 - acc: 0.1600
 70/300 [======>.......................] - ETA: 0s - loss: 2.7695 - acc: 0.1571
 90/300 [========>.....................] - ETA: 0s - loss: 2.7136 - acc: 0.1444
110/300 [==========>...................] - ETA: 0s - loss: 2.7185 - acc: 0.1545
130/300 [============>.................] - ETA: 0s - loss: 2.7671 - acc: 0.1462
150/300 [==============>...............] - ETA: 0s - loss: 2.7568 - acc: 0.1467
170/300 [================>.............] - ETA: 0s - loss: 2.7258 - acc: 0.1412
190/300 [==================>...........] - ETA: 0s - loss: 2.7537 - acc: 0.1421
210/300 [====================>.........] - ETA: 0s - loss: 2.7709 - acc: 0.1381
230/300 [======================>.......] - ETA: 0s - loss: 2.7625 - acc: 0.1348
250/300 [========================>.....] - ETA: 0s - loss: 2.7537 - acc: 0.1360
270/300 [==========================>...] - ETA: 0s - loss: 2.7692 - acc: 0.1370
290/300 [============================>.] - ETA: 0s - loss: 2.7868 - acc: 0.1379
300/300 [==============================] - 1s 3ms/step - loss: 2.7787 - acc: 0.1400
Epoch 13/30

 10/300 [>.............................] - ETA: 0s - loss: 2.7366 - acc: 0.2000
 30/300 [==>...........................] - ETA: 0s - loss: 2.8338 - acc: 0.1667
 50/300 [====>.........................] - ETA: 0s - loss: 2.7860 - acc: 0.1400
 70/300 [======>.......................] - ETA: 0s - loss: 2.7366 - acc: 0.1571
 90/300 [========>.....................] - ETA: 0s - loss: 2.7401 - acc: 0.1444
110/300 [==========>...................] - ETA: 0s - loss: 2.7890 - acc: 0.1273
130/300 [============>.................] - ETA: 0s - loss: 2.7688 - acc: 0.1308
150/300 [==============>...............] - ETA: 0s - loss: 2.7559 - acc: 0.1200
170/300 [================>.............] - ETA: 0s - loss: 2.7311 - acc: 0.1235
190/300 [==================>...........] - ETA: 0s - loss: 2.7370 - acc: 0.1211
210/300 [====================>.........] - ETA: 0s - loss: 2.7302 - acc: 0.1286
230/300 [======================>.......] - ETA: 0s - loss: 2.7370 - acc: 0.1391
250/300 [========================>.....] - ETA: 0s - loss: 2.7386 - acc: 0.1360
270/300 [==========================>...] - ETA: 0s - loss: 2.7427 - acc: 0.1333
290/300 [============================>.] - ETA: 0s - loss: 2.7548 - acc: 0.1345
300/300 [==============================] - 1s 3ms/step - loss: 2.7672 - acc: 0.1367
Epoch 14/30

 10/300 [>.............................] - ETA: 0s - loss: 3.0114 - acc: 0.2000
 30/300 [==>...........................] - ETA: 0s - loss: 2.7728 - acc: 0.2000
 50/300 [====>.........................] - ETA: 0s - loss: 2.6145 - acc: 0.1600
 70/300 [======>.......................] - ETA: 0s - loss: 2.7069 - acc: 0.1286
 90/300 [========>.....................] - ETA: 0s - loss: 2.8075 - acc: 0.1111
110/300 [==========>...................] - ETA: 0s - loss: 2.8290 - acc: 0.1182
130/300 [============>.................] - ETA: 0s - loss: 2.8129 - acc: 0.1385
150/300 [==============>...............] - ETA: 0s - loss: 2.7750 - acc: 0.1667
170/300 [================>.............] - ETA: 0s - loss: 2.7677 - acc: 0.1588
190/300 [==================>...........] - ETA: 0s - loss: 2.7926 - acc: 0.1579
210/300 [====================>.........] - ETA: 0s - loss: 2.7517 - acc: 0.1619
230/300 [======================>.......] - ETA: 0s - loss: 2.7438 - acc: 0.1609
250/300 [========================>.....] - ETA: 0s - loss: 2.7391 - acc: 0.1520
270/300 [==========================>...] - ETA: 0s - loss: 2.7521 - acc: 0.1444
290/300 [============================>.] - ETA: 0s - loss: 2.7447 - acc: 0.1483
300/300 [==============================] - 1s 3ms/step - loss: 2.7575 - acc: 0.1433
Epoch 15/30

 10/300 [>.............................] - ETA: 0s - loss: 2.7481 - acc: 0.0000e+00
 30/300 [==>...........................] - ETA: 0s - loss: 3.0308 - acc: 0.1000    
 50/300 [====>.........................] - ETA: 0s - loss: 2.9485 - acc: 0.1400
 70/300 [======>.......................] - ETA: 0s - loss: 2.7994 - acc: 0.1714
 90/300 [========>.....................] - ETA: 0s - loss: 2.8447 - acc: 0.1556
110/300 [==========>...................] - ETA: 0s - loss: 2.8400 - acc: 0.1818
130/300 [============>.................] - ETA: 0s - loss: 2.8460 - acc: 0.1615
150/300 [==============>...............] - ETA: 0s - loss: 2.8320 - acc: 0.1733
170/300 [================>.............] - ETA: 0s - loss: 2.8011 - acc: 0.1647
190/300 [==================>...........] - ETA: 0s - loss: 2.8005 - acc: 0.1632
210/300 [====================>.........] - ETA: 0s - loss: 2.7946 - acc: 0.1571
230/300 [======================>.......] - ETA: 0s - loss: 2.7485 - acc: 0.1696
250/300 [========================>.....] - ETA: 0s - loss: 2.7479 - acc: 0.1640
270/300 [==========================>...] - ETA: 0s - loss: 2.7525 - acc: 0.1741
290/300 [============================>.] - ETA: 0s - loss: 2.7434 - acc: 0.1690
300/300 [==============================] - 1s 3ms/step - loss: 2.7495 - acc: 0.1633
Epoch 16/30

 10/300 [>.............................] - ETA: 0s - loss: 2.8843 - acc: 0.2000
 30/300 [==>...........................] - ETA: 0s - loss: 2.8469 - acc: 0.1000
 50/300 [====>.........................] - ETA: 0s - loss: 2.8278 - acc: 0.1400
 70/300 [======>.......................] - ETA: 0s - loss: 2.7783 - acc: 0.1143
 90/300 [========>.....................] - ETA: 0s - loss: 2.7242 - acc: 0.1333
110/300 [==========>...................] - ETA: 0s - loss: 2.7691 - acc: 0.1455
130/300 [============>.................] - ETA: 0s - loss: 2.7636 - acc: 0.1462
150/300 [==============>...............] - ETA: 0s - loss: 2.7734 - acc: 0.1400
170/300 [================>.............] - ETA: 0s - loss: 2.7492 - acc: 0.1412
190/300 [==================>...........] - ETA: 0s - loss: 2.7350 - acc: 0.1526
210/300 [====================>.........] - ETA: 0s - loss: 2.7384 - acc: 0.1619
230/300 [======================>.......] - ETA: 0s - loss: 2.7429 - acc: 0.1609
250/300 [========================>.....] - ETA: 0s - loss: 2.7454 - acc: 0.1600
270/300 [==========================>...] - ETA: 0s - loss: 2.7439 - acc: 0.1593
290/300 [============================>.] - ETA: 0s - loss: 2.7499 - acc: 0.1690
300/300 [==============================] - 1s 3ms/step - loss: 2.7428 - acc: 0.1633
Epoch 17/30

 10/300 [>.............................] - ETA: 0s - loss: 2.7312 - acc: 0.2000
 30/300 [==>...........................] - ETA: 0s - loss: 2.5166 - acc: 0.3000
 50/300 [====>.........................] - ETA: 0s - loss: 2.6405 - acc: 0.2400
 70/300 [======>.......................] - ETA: 0s - loss: 2.7082 - acc: 0.2000
 90/300 [========>.....................] - ETA: 0s - loss: 2.6545 - acc: 0.1889
110/300 [==========>...................] - ETA: 0s - loss: 2.6735 - acc: 0.1818
130/300 [============>.................] - ETA: 0s - loss: 2.6840 - acc: 0.1769
150/300 [==============>...............] - ETA: 0s - loss: 2.6494 - acc: 0.1800
170/300 [================>.............] - ETA: 0s - loss: 2.6859 - acc: 0.1765
190/300 [==================>...........] - ETA: 0s - loss: 2.6993 - acc: 0.1737
210/300 [====================>.........] - ETA: 0s - loss: 2.6913 - acc: 0.1810
230/300 [======================>.......] - ETA: 0s - loss: 2.6977 - acc: 0.1783
250/300 [========================>.....] - ETA: 0s - loss: 2.6992 - acc: 0.1760
270/300 [==========================>...] - ETA: 0s - loss: 2.7083 - acc: 0.1667
290/300 [============================>.] - ETA: 0s - loss: 2.7197 - acc: 0.1621
300/300 [==============================] - 1s 3ms/step - loss: 2.7356 - acc: 0.1700
Epoch 18/30

 10/300 [>.............................] - ETA: 0s - loss: 3.0748 - acc: 0.2000
 30/300 [==>...........................] - ETA: 0s - loss: 3.0818 - acc: 0.2000
 50/300 [====>.........................] - ETA: 0s - loss: 3.0142 - acc: 0.1800
 70/300 [======>.......................] - ETA: 0s - loss: 2.9018 - acc: 0.1714
 90/300 [========>.....................] - ETA: 0s - loss: 2.8966 - acc: 0.2111
110/300 [==========>...................] - ETA: 0s - loss: 2.8869 - acc: 0.1818
130/300 [============>.................] - ETA: 0s - loss: 2.7898 - acc: 0.1769
150/300 [==============>...............] - ETA: 0s - loss: 2.7560 - acc: 0.1667
170/300 [================>.............] - ETA: 0s - loss: 2.7475 - acc: 0.1647
190/300 [==================>...........] - ETA: 0s - loss: 2.7421 - acc: 0.1632
210/300 [====================>.........] - ETA: 0s - loss: 2.7332 - acc: 0.1524
230/300 [======================>.......] - ETA: 0s - loss: 2.7071 - acc: 0.1522
250/300 [========================>.....] - ETA: 0s - loss: 2.7195 - acc: 0.1560
270/300 [==========================>...] - ETA: 0s - loss: 2.7310 - acc: 0.1741
290/300 [============================>.] - ETA: 0s - loss: 2.7238 - acc: 0.1828
300/300 [==============================] - 1s 3ms/step - loss: 2.7295 - acc: 0.1800
Epoch 19/30

 10/300 [>.............................] - ETA: 0s - loss: 2.6966 - acc: 0.0000e+00
 30/300 [==>...........................] - ETA: 0s - loss: 2.5891 - acc: 0.1667    
 50/300 [====>.........................] - ETA: 0s - loss: 2.6079 - acc: 0.1800
 70/300 [======>.......................] - ETA: 0s - loss: 2.5881 - acc: 0.1714
 90/300 [========>.....................] - ETA: 0s - loss: 2.5562 - acc: 0.1667
110/300 [==========>...................] - ETA: 0s - loss: 2.6285 - acc: 0.1636
130/300 [============>.................] - ETA: 0s - loss: 2.6407 - acc: 0.1615
150/300 [==============>...............] - ETA: 0s - loss: 2.6733 - acc: 0.1600
170/300 [================>.............] - ETA: 0s - loss: 2.6630 - acc: 0.1647
190/300 [==================>...........] - ETA: 0s - loss: 2.6777 - acc: 0.1579
210/300 [====================>.........] - ETA: 0s - loss: 2.6796 - acc: 0.1524
230/300 [======================>.......] - ETA: 0s - loss: 2.6748 - acc: 0.1609
250/300 [========================>.....] - ETA: 0s - loss: 2.6840 - acc: 0.1480
270/300 [==========================>...] - ETA: 0s - loss: 2.6907 - acc: 0.1519
290/300 [============================>.] - ETA: 0s - loss: 2.7080 - acc: 0.1552
300/300 [==============================] - 1s 3ms/step - loss: 2.7252 - acc: 0.1600
Epoch 20/30

 10/300 [>.............................] - ETA: 0s - loss: 2.5283 - acc: 0.1000
 30/300 [==>...........................] - ETA: 0s - loss: 2.5632 - acc: 0.1667
 50/300 [====>.........................] - ETA: 0s - loss: 2.6551 - acc: 0.1800
 70/300 [======>.......................] - ETA: 0s - loss: 2.6686 - acc: 0.1571
 90/300 [========>.....................] - ETA: 0s - loss: 2.6614 - acc: 0.1778
110/300 [==========>...................] - ETA: 0s - loss: 2.6211 - acc: 0.1727
130/300 [============>.................] - ETA: 0s - loss: 2.6267 - acc: 0.1846
150/300 [==============>...............] - ETA: 0s - loss: 2.6343 - acc: 0.1667
170/300 [================>.............] - ETA: 0s - loss: 2.6408 - acc: 0.1706
190/300 [==================>...........] - ETA: 0s - loss: 2.6956 - acc: 0.1789
210/300 [====================>.........] - ETA: 0s - loss: 2.7225 - acc: 0.1667
230/300 [======================>.......] - ETA: 0s - loss: 2.7044 - acc: 0.1652
250/300 [========================>.....] - ETA: 0s - loss: 2.7216 - acc: 0.1560
270/300 [==========================>...] - ETA: 0s - loss: 2.7200 - acc: 0.1556
290/300 [============================>.] - ETA: 0s - loss: 2.7171 - acc: 0.1621
300/300 [==============================] - 1s 3ms/step - loss: 2.7201 - acc: 0.1633
Epoch 21/30

 10/300 [>.............................] - ETA: 0s - loss: 2.8354 - acc: 0.2000
 30/300 [==>...........................] - ETA: 0s - loss: 2.6655 - acc: 0.2333
 50/300 [====>.........................] - ETA: 0s - loss: 2.6298 - acc: 0.2200
 70/300 [======>.......................] - ETA: 0s - loss: 2.6503 - acc: 0.1857
 90/300 [========>.....................] - ETA: 0s - loss: 2.6954 - acc: 0.1667
110/300 [==========>...................] - ETA: 0s - loss: 2.6648 - acc: 0.1727
130/300 [============>.................] - ETA: 0s - loss: 2.6577 - acc: 0.1615
150/300 [==============>...............] - ETA: 0s - loss: 2.6746 - acc: 0.1467
170/300 [================>.............] - ETA: 0s - loss: 2.6840 - acc: 0.1529
190/300 [==================>...........] - ETA: 0s - loss: 2.6951 - acc: 0.1579
210/300 [====================>.........] - ETA: 0s - loss: 2.6782 - acc: 0.1619
230/300 [======================>.......] - ETA: 0s - loss: 2.6907 - acc: 0.1609
250/300 [========================>.....] - ETA: 0s - loss: 2.6934 - acc: 0.1600
270/300 [==========================>...] - ETA: 0s - loss: 2.6857 - acc: 0.1667
290/300 [============================>.] - ETA: 0s - loss: 2.7100 - acc: 0.1621
300/300 [==============================] - 1s 3ms/step - loss: 2.7160 - acc: 0.1600
Epoch 22/30

 10/300 [>.............................] - ETA: 1s - loss: 2.7173 - acc: 0.3000
 30/300 [==>...........................] - ETA: 0s - loss: 2.8037 - acc: 0.2000
 50/300 [====>.........................] - ETA: 0s - loss: 2.7601 - acc: 0.2000
 70/300 [======>.......................] - ETA: 0s - loss: 2.7061 - acc: 0.2286
 90/300 [========>.....................] - ETA: 0s - loss: 2.7010 - acc: 0.2000
110/300 [==========>...................] - ETA: 0s - loss: 2.6934 - acc: 0.2091
130/300 [============>.................] - ETA: 0s - loss: 2.7200 - acc: 0.2077
150/300 [==============>...............] - ETA: 0s - loss: 2.6858 - acc: 0.2067
170/300 [================>.............] - ETA: 0s - loss: 2.6860 - acc: 0.1941
190/300 [==================>...........] - ETA: 0s - loss: 2.6769 - acc: 0.2000
210/300 [====================>.........] - ETA: 0s - loss: 2.6793 - acc: 0.1857
230/300 [======================>.......] - ETA: 0s - loss: 2.6892 - acc: 0.1826
250/300 [========================>.....] - ETA: 0s - loss: 2.6879 - acc: 0.1880
270/300 [==========================>...] - ETA: 0s - loss: 2.6761 - acc: 0.1741
290/300 [============================>.] - ETA: 0s - loss: 2.7142 - acc: 0.1690
300/300 [==============================] - 1s 3ms/step - loss: 2.7134 - acc: 0.1633
Epoch 23/30

 10/300 [>.............................] - ETA: 0s - loss: 2.9116 - acc: 0.0000e+00
 30/300 [==>...........................] - ETA: 0s - loss: 2.7174 - acc: 0.1333    
 50/300 [====>.........................] - ETA: 0s - loss: 2.6683 - acc: 0.1000
 70/300 [======>.......................] - ETA: 0s - loss: 2.6959 - acc: 0.1000
 90/300 [========>.....................] - ETA: 0s - loss: 2.7787 - acc: 0.1111
110/300 [==========>...................] - ETA: 0s - loss: 2.7437 - acc: 0.1364
130/300 [============>.................] - ETA: 0s - loss: 2.7748 - acc: 0.1462
150/300 [==============>...............] - ETA: 0s - loss: 2.7626 - acc: 0.1467
170/300 [================>.............] - ETA: 0s - loss: 2.7408 - acc: 0.1529
190/300 [==================>...........] - ETA: 0s - loss: 2.7367 - acc: 0.1526
210/300 [====================>.........] - ETA: 0s - loss: 2.7473 - acc: 0.1476
230/300 [======================>.......] - ETA: 0s - loss: 2.7358 - acc: 0.1478
250/300 [========================>.....] - ETA: 0s - loss: 2.7241 - acc: 0.1480
270/300 [==========================>...] - ETA: 0s - loss: 2.7402 - acc: 0.1556
290/300 [============================>.] - ETA: 0s - loss: 2.7105 - acc: 0.1621
300/300 [==============================] - 1s 3ms/step - loss: 2.7111 - acc: 0.1600
Epoch 24/30

 10/300 [>.............................] - ETA: 0s - loss: 1.7668 - acc: 0.2000
 30/300 [==>...........................] - ETA: 0s - loss: 2.3754 - acc: 0.1333
 50/300 [====>.........................] - ETA: 0s - loss: 2.4644 - acc: 0.2000
 70/300 [======>.......................] - ETA: 0s - loss: 2.5498 - acc: 0.1857
 90/300 [========>.....................] - ETA: 0s - loss: 2.5801 - acc: 0.1556
110/300 [==========>...................] - ETA: 0s - loss: 2.6342 - acc: 0.1364
130/300 [============>.................] - ETA: 0s - loss: 2.6857 - acc: 0.1308
150/300 [==============>...............] - ETA: 0s - loss: 2.6761 - acc: 0.1333
170/300 [================>.............] - ETA: 0s - loss: 2.6668 - acc: 0.1412
190/300 [==================>...........] - ETA: 0s - loss: 2.6600 - acc: 0.1421
210/300 [====================>.........] - ETA: 0s - loss: 2.6545 - acc: 0.1476
230/300 [======================>.......] - ETA: 0s - loss: 2.6734 - acc: 0.1435
250/300 [========================>.....] - ETA: 0s - loss: 2.6806 - acc: 0.1440
270/300 [==========================>...] - ETA: 0s - loss: 2.6909 - acc: 0.1593
290/300 [============================>.] - ETA: 0s - loss: 2.6953 - acc: 0.1586
300/300 [==============================] - 1s 3ms/step - loss: 2.7084 - acc: 0.1533
Epoch 25/30

 10/300 [>.............................] - ETA: 1s - loss: 2.7026 - acc: 0.1000
 30/300 [==>...........................] - ETA: 0s - loss: 2.3938 - acc: 0.0333
 50/300 [====>.........................] - ETA: 0s - loss: 2.5085 - acc: 0.0400
 70/300 [======>.......................] - ETA: 0s - loss: 2.5352 - acc: 0.0857
 90/300 [========>.....................] - ETA: 0s - loss: 2.6282 - acc: 0.1111
110/300 [==========>...................] - ETA: 0s - loss: 2.6070 - acc: 0.1182
130/300 [============>.................] - ETA: 0s - loss: 2.6199 - acc: 0.1231
150/300 [==============>...............] - ETA: 0s - loss: 2.6396 - acc: 0.1400
170/300 [================>.............] - ETA: 0s - loss: 2.6889 - acc: 0.1412
190/300 [==================>...........] - ETA: 0s - loss: 2.6995 - acc: 0.1316
210/300 [====================>.........] - ETA: 0s - loss: 2.7116 - acc: 0.1476
230/300 [======================>.......] - ETA: 0s - loss: 2.7087 - acc: 0.1565
250/300 [========================>.....] - ETA: 0s - loss: 2.6789 - acc: 0.1520
270/300 [==========================>...] - ETA: 0s - loss: 2.6644 - acc: 0.1630
290/300 [============================>.] - ETA: 0s - loss: 2.7002 - acc: 0.1655
300/300 [==============================] - 1s 3ms/step - loss: 2.7056 - acc: 0.1667
Epoch 26/30

 10/300 [>.............................] - ETA: 0s - loss: 2.8756 - acc: 0.1000
 30/300 [==>...........................] - ETA: 0s - loss: 2.6802 - acc: 0.1333
 50/300 [====>.........................] - ETA: 0s - loss: 2.6825 - acc: 0.1600
 70/300 [======>.......................] - ETA: 0s - loss: 2.7444 - acc: 0.1714
 90/300 [========>.....................] - ETA: 0s - loss: 2.7833 - acc: 0.1333
100/300 [=========>....................] - ETA: 0s - loss: 2.8090 - acc: 0.1200
120/300 [===========>..................] - ETA: 0s - loss: 2.7928 - acc: 0.1167
140/300 [=============>................] - ETA: 0s - loss: 2.7613 - acc: 0.1286
160/300 [===============>..............] - ETA: 0s - loss: 2.7373 - acc: 0.1563
180/300 [=================>............] - ETA: 0s - loss: 2.7418 - acc: 0.1444
200/300 [===================>..........] - ETA: 0s - loss: 2.7161 - acc: 0.1400
220/300 [=====================>........] - ETA: 0s - loss: 2.7059 - acc: 0.1409
240/300 [=======================>......] - ETA: 0s - loss: 2.7031 - acc: 0.1458
260/300 [=========================>....] - ETA: 0s - loss: 2.7213 - acc: 0.1500
280/300 [===========================>..] - ETA: 0s - loss: 2.7004 - acc: 0.1536
300/300 [==============================] - 1s 3ms/step - loss: 2.7035 - acc: 0.1567
Epoch 27/30

 10/300 [>.............................] - ETA: 0s - loss: 2.2882 - acc: 0.3000
 30/300 [==>...........................] - ETA: 0s - loss: 2.6673 - acc: 0.1667
 50/300 [====>.........................] - ETA: 0s - loss: 2.6737 - acc: 0.1600
 70/300 [======>.......................] - ETA: 0s - loss: 2.7696 - acc: 0.1571
 90/300 [========>.....................] - ETA: 0s - loss: 2.6503 - acc: 0.1444
110/300 [==========>...................] - ETA: 0s - loss: 2.6797 - acc: 0.1182
130/300 [============>.................] - ETA: 0s - loss: 2.6912 - acc: 0.1308
150/300 [==============>...............] - ETA: 0s - loss: 2.6896 - acc: 0.1267
170/300 [================>.............] - ETA: 0s - loss: 2.7107 - acc: 0.1294
190/300 [==================>...........] - ETA: 0s - loss: 2.7250 - acc: 0.1421
210/300 [====================>.........] - ETA: 0s - loss: 2.7216 - acc: 0.1524
230/300 [======================>.......] - ETA: 0s - loss: 2.7499 - acc: 0.1435
250/300 [========================>.....] - ETA: 0s - loss: 2.7245 - acc: 0.1440
270/300 [==========================>...] - ETA: 0s - loss: 2.7174 - acc: 0.1519
290/300 [============================>.] - ETA: 0s - loss: 2.7210 - acc: 0.1586
300/300 [==============================] - 1s 3ms/step - loss: 2.7023 - acc: 0.1633
Epoch 28/30

 10/300 [>.............................] - ETA: 0s - loss: 2.6940 - acc: 0.1000
 30/300 [==>...........................] - ETA: 0s - loss: 2.5761 - acc: 0.0667
 50/300 [====>.........................] - ETA: 0s - loss: 2.6965 - acc: 0.0800
 70/300 [======>.......................] - ETA: 0s - loss: 2.8129 - acc: 0.1143
 90/300 [========>.....................] - ETA: 0s - loss: 2.7631 - acc: 0.1333
110/300 [==========>...................] - ETA: 0s - loss: 2.7002 - acc: 0.1182
130/300 [============>.................] - ETA: 0s - loss: 2.6661 - acc: 0.1231
150/300 [==============>...............] - ETA: 0s - loss: 2.6417 - acc: 0.1467
170/300 [================>.............] - ETA: 0s - loss: 2.6966 - acc: 0.1529
190/300 [==================>...........] - ETA: 0s - loss: 2.7327 - acc: 0.1579
210/300 [====================>.........] - ETA: 0s - loss: 2.7500 - acc: 0.1810
230/300 [======================>.......] - ETA: 0s - loss: 2.7213 - acc: 0.1652
250/300 [========================>.....] - ETA: 0s - loss: 2.7016 - acc: 0.1800
270/300 [==========================>...] - ETA: 0s - loss: 2.7002 - acc: 0.1741
290/300 [============================>.] - ETA: 0s - loss: 2.7105 - acc: 0.1690
300/300 [==============================] - 1s 3ms/step - loss: 2.6999 - acc: 0.1633
Epoch 29/30

 10/300 [>.............................] - ETA: 1s - loss: 1.9637 - acc: 0.1000
 30/300 [==>...........................] - ETA: 0s - loss: 2.4318 - acc: 0.2000
 50/300 [====>.........................] - ETA: 0s - loss: 2.7433 - acc: 0.1600
 70/300 [======>.......................] - ETA: 0s - loss: 2.7697 - acc: 0.1571
 90/300 [========>.....................] - ETA: 0s - loss: 2.8037 - acc: 0.1889
110/300 [==========>...................] - ETA: 0s - loss: 2.7783 - acc: 0.1636
130/300 [============>.................] - ETA: 0s - loss: 2.7492 - acc: 0.1846
150/300 [==============>...............] - ETA: 0s - loss: 2.7392 - acc: 0.1800
170/300 [================>.............] - ETA: 0s - loss: 2.7109 - acc: 0.1941
190/300 [==================>...........] - ETA: 0s - loss: 2.6817 - acc: 0.1947
210/300 [====================>.........] - ETA: 0s - loss: 2.6899 - acc: 0.2000
230/300 [======================>.......] - ETA: 0s - loss: 2.6728 - acc: 0.1870
250/300 [========================>.....] - ETA: 0s - loss: 2.6804 - acc: 0.1800
270/300 [==========================>...] - ETA: 0s - loss: 2.6919 - acc: 0.1852
290/300 [============================>.] - ETA: 0s - loss: 2.7042 - acc: 0.1828
300/300 [==============================] - 1s 3ms/step - loss: 2.6985 - acc: 0.1767
Epoch 30/30

 10/300 [>.............................] - ETA: 0s - loss: 2.4631 - acc: 0.4000
 30/300 [==>...........................] - ETA: 0s - loss: 2.7846 - acc: 0.1333
 50/300 [====>.........................] - ETA: 0s - loss: 2.6967 - acc: 0.1600
 70/300 [======>.......................] - ETA: 0s - loss: 2.6899 - acc: 0.1571
 90/300 [========>.....................] - ETA: 0s - loss: 2.7068 - acc: 0.1556
110/300 [==========>...................] - ETA: 0s - loss: 2.6366 - acc: 0.1455
130/300 [============>.................] - ETA: 0s - loss: 2.6319 - acc: 0.1538
150/300 [==============>...............] - ETA: 0s - loss: 2.6055 - acc: 0.1533
170/300 [================>.............] - ETA: 0s - loss: 2.6387 - acc: 0.1765
190/300 [==================>...........] - ETA: 0s - loss: 2.6700 - acc: 0.1789
210/300 [====================>.........] - ETA: 0s - loss: 2.6790 - acc: 0.1762
230/300 [======================>.......] - ETA: 0s - loss: 2.6646 - acc: 0.1826
250/300 [========================>.....] - ETA: 0s - loss: 2.6712 - acc: 0.1840
270/300 [==========================>...] - ETA: 0s - loss: 2.6922 - acc: 0.1741
290/300 [============================>.] - ETA: 0s - loss: 2.6978 - acc: 0.1724
300/300 [==============================] - 1s 3ms/step - loss: 2.6972 - acc: 0.1667