Using TensorFlow backend.
Epoch 1/30
2018-10-22 23:47:07.200185: I tensorflow/core/platform/cpu_feature_guard.cc:140] Your CPU supports instructions that this TensorFlow binary was not compiled to use: AVX2 FMA

  5/300 [..............................] - ETA: 21s - loss: 4.2807 - task_finish: 0.2000
 20/300 [=>............................] - ETA: 5s - loss: 3.7650 - task_finish: 0.2300 
 35/300 [==>...........................] - ETA: 3s - loss: 3.4351 - task_finish: 0.2286
 50/300 [====>.........................] - ETA: 2s - loss: 3.1002 - task_finish: 0.1800
 65/300 [=====>........................] - ETA: 2s - loss: 2.7141 - task_finish: 0.1692
 80/300 [=======>......................] - ETA: 1s - loss: 2.4662 - task_finish: 0.1525
 95/300 [========>.....................] - ETA: 1s - loss: 2.2705 - task_finish: 0.1516
110/300 [==========>...................] - ETA: 1s - loss: 2.0710 - task_finish: 0.1382
125/300 [===========>..................] - ETA: 1s - loss: 1.9352 - task_finish: 0.1312
140/300 [=============>................] - ETA: 0s - loss: 1.8236 - task_finish: 0.1329
155/300 [==============>...............] - ETA: 0s - loss: 1.7269 - task_finish: 0.1355
170/300 [================>.............] - ETA: 0s - loss: 1.6442 - task_finish: 0.1424
185/300 [=================>............] - ETA: 0s - loss: 1.5702 - task_finish: 0.1459
200/300 [===================>..........] - ETA: 0s - loss: 1.5122 - task_finish: 0.1500
215/300 [====================>.........] - ETA: 0s - loss: 1.4453 - task_finish: 0.1451
230/300 [======================>.......] - ETA: 0s - loss: 1.3765 - task_finish: 0.1357
245/300 [=======================>......] - ETA: 0s - loss: 1.3283 - task_finish: 0.1363
260/300 [=========================>....] - ETA: 0s - loss: 1.2945 - task_finish: 0.1454
275/300 [==========================>...] - ETA: 0s - loss: 1.2513 - task_finish: 0.1447
290/300 [============================>.] - ETA: 0s - loss: 1.2184 - task_finish: 0.1455
300/300 [==============================] - 1s 5ms/step - loss: 1.1969 - task_finish: 0.1460
Epoch 2/30

  5/300 [..............................] - ETA: 1s - loss: 0.6259 - task_finish: 0.2000
 20/300 [=>............................] - ETA: 1s - loss: 0.4653 - task_finish: 0.1000
 35/300 [==>...........................] - ETA: 1s - loss: 0.4018 - task_finish: 0.0629
 50/300 [====>.........................] - ETA: 0s - loss: 0.5393 - task_finish: 0.1440
 65/300 [=====>........................] - ETA: 0s - loss: 0.5110 - task_finish: 0.1354
 80/300 [=======>......................] - ETA: 0s - loss: 0.5097 - task_finish: 0.1475
 95/300 [========>.....................] - ETA: 0s - loss: 0.5340 - task_finish: 0.1537
110/300 [==========>...................] - ETA: 0s - loss: 0.5802 - task_finish: 0.1764
125/300 [===========>..................] - ETA: 0s - loss: 0.6105 - task_finish: 0.1872
140/300 [=============>................] - ETA: 0s - loss: 0.6279 - task_finish: 0.2071
155/300 [==============>...............] - ETA: 0s - loss: 0.6317 - task_finish: 0.2129
170/300 [================>.............] - ETA: 0s - loss: 0.6133 - task_finish: 0.2059
185/300 [=================>............] - ETA: 0s - loss: 0.6222 - task_finish: 0.2097
200/300 [===================>..........] - ETA: 0s - loss: 0.6012 - task_finish: 0.1990
215/300 [====================>.........] - ETA: 0s - loss: 0.6120 - task_finish: 0.2056
230/300 [======================>.......] - ETA: 0s - loss: 0.5914 - task_finish: 0.2009
245/300 [=======================>......] - ETA: 0s - loss: 0.6036 - task_finish: 0.2098
260/300 [=========================>....] - ETA: 0s - loss: 0.6025 - task_finish: 0.2085
275/300 [==========================>...] - ETA: 0s - loss: 0.5915 - task_finish: 0.2087
290/300 [============================>.] - ETA: 0s - loss: 0.5921 - task_finish: 0.2131
300/300 [==============================] - 1s 4ms/step - loss: 0.5957 - task_finish: 0.2127
Epoch 3/30

  5/300 [..............................] - ETA: 1s - loss: 1.0107 - task_finish: 0.6000
 20/300 [=>............................] - ETA: 1s - loss: 0.5713 - task_finish: 0.2100
 35/300 [==>...........................] - ETA: 1s - loss: 0.5750 - task_finish: 0.2343
 50/300 [====>.........................] - ETA: 0s - loss: 0.6208 - task_finish: 0.2720
 65/300 [=====>........................] - ETA: 0s - loss: 0.6096 - task_finish: 0.2708
 80/300 [=======>......................] - ETA: 0s - loss: 0.5816 - task_finish: 0.2550
 95/300 [========>.....................] - ETA: 0s - loss: 0.5717 - task_finish: 0.2358
110/300 [==========>...................] - ETA: 0s - loss: 0.5963 - task_finish: 0.2491
125/300 [===========>..................] - ETA: 0s - loss: 0.5978 - task_finish: 0.2608
140/300 [=============>................] - ETA: 0s - loss: 0.6143 - task_finish: 0.2686
155/300 [==============>...............] - ETA: 0s - loss: 0.6307 - task_finish: 0.2748
170/300 [================>.............] - ETA: 0s - loss: 0.6105 - task_finish: 0.2624
185/300 [=================>............] - ETA: 0s - loss: 0.6052 - task_finish: 0.2573
200/300 [===================>..........] - ETA: 0s - loss: 0.6071 - task_finish: 0.2590
215/300 [====================>.........] - ETA: 0s - loss: 0.5844 - task_finish: 0.2577
230/300 [======================>.......] - ETA: 0s - loss: 0.5689 - task_finish: 0.2452
245/300 [=======================>......] - ETA: 0s - loss: 0.5524 - task_finish: 0.2384
260/300 [=========================>....] - ETA: 0s - loss: 0.5373 - task_finish: 0.2323
275/300 [==========================>...] - ETA: 0s - loss: 0.5361 - task_finish: 0.2313
290/300 [============================>.] - ETA: 0s - loss: 0.5302 - task_finish: 0.2331
300/300 [==============================] - 1s 4ms/step - loss: 0.5306 - task_finish: 0.2353
Epoch 4/30

  5/300 [..............................] - ETA: 1s - loss: 0.7905 - task_finish: 0.5200
 20/300 [=>............................] - ETA: 1s - loss: 0.7436 - task_finish: 0.3800
 35/300 [==>...........................] - ETA: 1s - loss: 0.5467 - task_finish: 0.2743
 50/300 [====>.........................] - ETA: 0s - loss: 0.5701 - task_finish: 0.2880
 65/300 [=====>........................] - ETA: 0s - loss: 0.4899 - task_finish: 0.2677
 80/300 [=======>......................] - ETA: 0s - loss: 0.5217 - task_finish: 0.2725
 95/300 [========>.....................] - ETA: 0s - loss: 0.5272 - task_finish: 0.2821
110/300 [==========>...................] - ETA: 0s - loss: 0.5136 - task_finish: 0.2782
125/300 [===========>..................] - ETA: 0s - loss: 0.5235 - task_finish: 0.2928
140/300 [=============>................] - ETA: 0s - loss: 0.4877 - task_finish: 0.2671
155/300 [==============>...............] - ETA: 0s - loss: 0.4914 - task_finish: 0.2723
170/300 [================>.............] - ETA: 0s - loss: 0.4823 - task_finish: 0.2635
185/300 [=================>............] - ETA: 0s - loss: 0.4960 - task_finish: 0.2703
200/300 [===================>..........] - ETA: 0s - loss: 0.5065 - task_finish: 0.2760
215/300 [====================>.........] - ETA: 0s - loss: 0.4929 - task_finish: 0.2660
230/300 [======================>.......] - ETA: 0s - loss: 0.4867 - task_finish: 0.2696
245/300 [=======================>......] - ETA: 0s - loss: 0.4775 - task_finish: 0.2678
260/300 [=========================>....] - ETA: 0s - loss: 0.4766 - task_finish: 0.2600
275/300 [==========================>...] - ETA: 0s - loss: 0.4801 - task_finish: 0.2604
290/300 [============================>.] - ETA: 0s - loss: 0.5020 - task_finish: 0.2676
300/300 [==============================] - 1s 4ms/step - loss: 0.4941 - task_finish: 0.2640
Epoch 5/30

  5/300 [..............................] - ETA: 1s - loss: 0.4726 - task_finish: 0.4000
 20/300 [=>............................] - ETA: 1s - loss: 0.4619 - task_finish: 0.3500
 35/300 [==>...........................] - ETA: 1s - loss: 0.4559 - task_finish: 0.2857
 50/300 [====>.........................] - ETA: 0s - loss: 0.4548 - task_finish: 0.2760
 65/300 [=====>........................] - ETA: 0s - loss: 0.4236 - task_finish: 0.2738
 80/300 [=======>......................] - ETA: 0s - loss: 0.4161 - task_finish: 0.2600
 95/300 [========>.....................] - ETA: 0s - loss: 0.4298 - task_finish: 0.2611
110/300 [==========>...................] - ETA: 0s - loss: 0.4624 - task_finish: 0.2891
125/300 [===========>..................] - ETA: 0s - loss: 0.4427 - task_finish: 0.2704
140/300 [=============>................] - ETA: 0s - loss: 0.4506 - task_finish: 0.2629
155/300 [==============>...............] - ETA: 0s - loss: 0.4462 - task_finish: 0.2632
170/300 [================>.............] - ETA: 0s - loss: 0.4404 - task_finish: 0.2576
185/300 [=================>............] - ETA: 0s - loss: 0.4397 - task_finish: 0.2519
200/300 [===================>..........] - ETA: 0s - loss: 0.4520 - task_finish: 0.2570
215/300 [====================>.........] - ETA: 0s - loss: 0.4499 - task_finish: 0.2688
230/300 [======================>.......] - ETA: 0s - loss: 0.4341 - task_finish: 0.2557
245/300 [=======================>......] - ETA: 0s - loss: 0.4448 - task_finish: 0.2596
260/300 [=========================>....] - ETA: 0s - loss: 0.4562 - task_finish: 0.2677
275/300 [==========================>...] - ETA: 0s - loss: 0.4718 - task_finish: 0.2822
290/300 [============================>.] - ETA: 0s - loss: 0.4784 - task_finish: 0.2834
300/300 [==============================] - 1s 4ms/step - loss: 0.4686 - task_finish: 0.2767
Epoch 6/30

  5/300 [..............................] - ETA: 1s - loss: 0.4028 - task_finish: 0.2000
 20/300 [=>............................] - ETA: 1s - loss: 0.4065 - task_finish: 0.3000
 35/300 [==>...........................] - ETA: 1s - loss: 0.4547 - task_finish: 0.3143
 50/300 [====>.........................] - ETA: 0s - loss: 0.4776 - task_finish: 0.3200
 65/300 [=====>........................] - ETA: 0s - loss: 0.4581 - task_finish: 0.2923
 80/300 [=======>......................] - ETA: 0s - loss: 0.4597 - task_finish: 0.2750
 95/300 [========>.....................] - ETA: 0s - loss: 0.4202 - task_finish: 0.2316
110/300 [==========>...................] - ETA: 0s - loss: 0.4114 - task_finish: 0.2345
125/300 [===========>..................] - ETA: 0s - loss: 0.4095 - task_finish: 0.2304
140/300 [=============>................] - ETA: 0s - loss: 0.4163 - task_finish: 0.2514
155/300 [==============>...............] - ETA: 0s - loss: 0.4347 - task_finish: 0.2606
170/300 [================>.............] - ETA: 0s - loss: 0.4187 - task_finish: 0.2435
185/300 [=================>............] - ETA: 0s - loss: 0.4355 - task_finish: 0.2508
200/300 [===================>..........] - ETA: 0s - loss: 0.4429 - task_finish: 0.2620
215/300 [====================>.........] - ETA: 0s - loss: 0.4487 - task_finish: 0.2651
230/300 [======================>.......] - ETA: 0s - loss: 0.4423 - task_finish: 0.2617
245/300 [=======================>......] - ETA: 0s - loss: 0.4544 - task_finish: 0.2694
260/300 [=========================>....] - ETA: 0s - loss: 0.4534 - task_finish: 0.2685
275/300 [==========================>...] - ETA: 0s - loss: 0.4562 - task_finish: 0.2720
290/300 [============================>.] - ETA: 0s - loss: 0.4562 - task_finish: 0.2814
300/300 [==============================] - 1s 4ms/step - loss: 0.4486 - task_finish: 0.2787
Epoch 7/30

  5/300 [..............................] - ETA: 1s - loss: 0.1841 - task_finish: 0.0000e+00
 20/300 [=>............................] - ETA: 1s - loss: 0.5934 - task_finish: 0.3000    
 35/300 [==>...........................] - ETA: 1s - loss: 0.5065 - task_finish: 0.3714
 50/300 [====>.........................] - ETA: 0s - loss: 0.4835 - task_finish: 0.3360
 65/300 [=====>........................] - ETA: 0s - loss: 0.4646 - task_finish: 0.3169
 80/300 [=======>......................] - ETA: 0s - loss: 0.4616 - task_finish: 0.2950
 95/300 [========>.....................] - ETA: 0s - loss: 0.4721 - task_finish: 0.3053
110/300 [==========>...................] - ETA: 0s - loss: 0.4678 - task_finish: 0.3309
125/300 [===========>..................] - ETA: 0s - loss: 0.4722 - task_finish: 0.3232
140/300 [=============>................] - ETA: 0s - loss: 0.4727 - task_finish: 0.3171
155/300 [==============>...............] - ETA: 0s - loss: 0.4582 - task_finish: 0.2955
170/300 [================>.............] - ETA: 0s - loss: 0.4579 - task_finish: 0.2871
185/300 [=================>............] - ETA: 0s - loss: 0.4428 - task_finish: 0.2854
200/300 [===================>..........] - ETA: 0s - loss: 0.4467 - task_finish: 0.2880
215/300 [====================>.........] - ETA: 0s - loss: 0.4394 - task_finish: 0.2865
230/300 [======================>.......] - ETA: 0s - loss: 0.4334 - task_finish: 0.2809
245/300 [=======================>......] - ETA: 0s - loss: 0.4381 - task_finish: 0.2800
260/300 [=========================>....] - ETA: 0s - loss: 0.4282 - task_finish: 0.2754
275/300 [==========================>...] - ETA: 0s - loss: 0.4155 - task_finish: 0.2676
290/300 [============================>.] - ETA: 0s - loss: 0.4253 - task_finish: 0.2779
300/300 [==============================] - 1s 4ms/step - loss: 0.4305 - task_finish: 0.2887
Epoch 8/30

  5/300 [..............................] - ETA: 1s - loss: 0.5145 - task_finish: 0.4000
 20/300 [=>............................] - ETA: 1s - loss: 0.5094 - task_finish: 0.3500
 35/300 [==>...........................] - ETA: 1s - loss: 0.4867 - task_finish: 0.3200
 50/300 [====>.........................] - ETA: 0s - loss: 0.4604 - task_finish: 0.2840
 65/300 [=====>........................] - ETA: 0s - loss: 0.4329 - task_finish: 0.2646
 80/300 [=======>......................] - ETA: 0s - loss: 0.4141 - task_finish: 0.2525
 95/300 [========>.....................] - ETA: 0s - loss: 0.4010 - task_finish: 0.2400
110/300 [==========>...................] - ETA: 0s - loss: 0.4294 - task_finish: 0.2545
125/300 [===========>..................] - ETA: 0s - loss: 0.4225 - task_finish: 0.2784
140/300 [=============>................] - ETA: 0s - loss: 0.4398 - task_finish: 0.2971
155/300 [==============>...............] - ETA: 0s - loss: 0.4350 - task_finish: 0.2877
170/300 [================>.............] - ETA: 0s - loss: 0.4306 - task_finish: 0.2812
185/300 [=================>............] - ETA: 0s - loss: 0.4300 - task_finish: 0.2854
200/300 [===================>..........] - ETA: 0s - loss: 0.4216 - task_finish: 0.2900
215/300 [====================>.........] - ETA: 0s - loss: 0.4155 - task_finish: 0.2837
230/300 [======================>.......] - ETA: 0s - loss: 0.4244 - task_finish: 0.2870
245/300 [=======================>......] - ETA: 0s - loss: 0.4277 - task_finish: 0.2857
260/300 [=========================>....] - ETA: 0s - loss: 0.4278 - task_finish: 0.2946
275/300 [==========================>...] - ETA: 0s - loss: 0.4352 - task_finish: 0.3076
290/300 [============================>.] - ETA: 0s - loss: 0.4236 - task_finish: 0.2986
300/300 [==============================] - 1s 4ms/step - loss: 0.4151 - task_finish: 0.2973
Epoch 9/30

  5/300 [..............................] - ETA: 1s - loss: 0.1584 - task_finish: 0.0000e+00
 20/300 [=>............................] - ETA: 1s - loss: 0.3095 - task_finish: 0.1000    
 35/300 [==>...........................] - ETA: 1s - loss: 0.3628 - task_finish: 0.2343
 50/300 [====>.........................] - ETA: 0s - loss: 0.3651 - task_finish: 0.2240
 65/300 [=====>........................] - ETA: 0s - loss: 0.3982 - task_finish: 0.2185
 80/300 [=======>......................] - ETA: 0s - loss: 0.3821 - task_finish: 0.2400
 95/300 [========>.....................] - ETA: 0s - loss: 0.3843 - task_finish: 0.2547
110/300 [==========>...................] - ETA: 0s - loss: 0.3875 - task_finish: 0.2600
125/300 [===========>..................] - ETA: 0s - loss: 0.4176 - task_finish: 0.2768
140/300 [=============>................] - ETA: 0s - loss: 0.4183 - task_finish: 0.2814
155/300 [==============>...............] - ETA: 0s - loss: 0.4087 - task_finish: 0.2865
170/300 [================>.............] - ETA: 0s - loss: 0.4088 - task_finish: 0.2965
185/300 [=================>............] - ETA: 0s - loss: 0.4239 - task_finish: 0.3016
200/300 [===================>..........] - ETA: 0s - loss: 0.4069 - task_finish: 0.3030
215/300 [====================>.........] - ETA: 0s - loss: 0.4138 - task_finish: 0.3051
230/300 [======================>.......] - ETA: 0s - loss: 0.4209 - task_finish: 0.3157
245/300 [=======================>......] - ETA: 0s - loss: 0.4159 - task_finish: 0.3143
260/300 [=========================>....] - ETA: 0s - loss: 0.4102 - task_finish: 0.3115
275/300 [==========================>...] - ETA: 0s - loss: 0.4048 - task_finish: 0.3055
290/300 [============================>.] - ETA: 0s - loss: 0.4011 - task_finish: 0.3000
300/300 [==============================] - 1s 4ms/step - loss: 0.4021 - task_finish: 0.3027
Epoch 10/30

  5/300 [..............................] - ETA: 1s - loss: 0.1921 - task_finish: 0.2000
 20/300 [=>............................] - ETA: 1s - loss: 0.3362 - task_finish: 0.3100
 35/300 [==>...........................] - ETA: 1s - loss: 0.3836 - task_finish: 0.2629
 50/300 [====>.........................] - ETA: 0s - loss: 0.4064 - task_finish: 0.3080
 65/300 [=====>........................] - ETA: 0s - loss: 0.4406 - task_finish: 0.3292
 80/300 [=======>......................] - ETA: 0s - loss: 0.4431 - task_finish: 0.3450
 95/300 [========>.....................] - ETA: 0s - loss: 0.4313 - task_finish: 0.3326
110/300 [==========>...................] - ETA: 0s - loss: 0.4015 - task_finish: 0.3055
125/300 [===========>..................] - ETA: 0s - loss: 0.3987 - task_finish: 0.3024
140/300 [=============>................] - ETA: 0s - loss: 0.4156 - task_finish: 0.3271
155/300 [==============>...............] - ETA: 0s - loss: 0.4131 - task_finish: 0.3148
170/300 [================>.............] - ETA: 0s - loss: 0.4002 - task_finish: 0.3094
185/300 [=================>............] - ETA: 0s - loss: 0.3985 - task_finish: 0.3103
200/300 [===================>..........] - ETA: 0s - loss: 0.4189 - task_finish: 0.3170
215/300 [====================>.........] - ETA: 0s - loss: 0.4152 - task_finish: 0.3088
230/300 [======================>.......] - ETA: 0s - loss: 0.4173 - task_finish: 0.3104
245/300 [=======================>......] - ETA: 0s - loss: 0.4100 - task_finish: 0.3118
260/300 [=========================>....] - ETA: 0s - loss: 0.4009 - task_finish: 0.3092
275/300 [==========================>...] - ETA: 0s - loss: 0.3986 - task_finish: 0.3033
290/300 [============================>.] - ETA: 0s - loss: 0.3937 - task_finish: 0.3000
300/300 [==============================] - 1s 4ms/step - loss: 0.3912 - task_finish: 0.3033
Epoch 11/30

  5/300 [..............................] - ETA: 1s - loss: 0.7065 - task_finish: 1.0000
 20/300 [=>............................] - ETA: 1s - loss: 0.4288 - task_finish: 0.4500
 35/300 [==>...........................] - ETA: 1s - loss: 0.3493 - task_finish: 0.3257
 50/300 [====>.........................] - ETA: 0s - loss: 0.4484 - task_finish: 0.3600
 65/300 [=====>........................] - ETA: 0s - loss: 0.4353 - task_finish: 0.3477
 80/300 [=======>......................] - ETA: 0s - loss: 0.4171 - task_finish: 0.3725
 95/300 [========>.....................] - ETA: 0s - loss: 0.3975 - task_finish: 0.3600
110/300 [==========>...................] - ETA: 0s - loss: 0.4094 - task_finish: 0.3564
125/300 [===========>..................] - ETA: 0s - loss: 0.3964 - task_finish: 0.3312
140/300 [=============>................] - ETA: 0s - loss: 0.3841 - task_finish: 0.3171
155/300 [==============>...............] - ETA: 0s - loss: 0.4016 - task_finish: 0.3187
170/300 [================>.............] - ETA: 0s - loss: 0.3941 - task_finish: 0.3082
185/300 [=================>............] - ETA: 0s - loss: 0.3868 - task_finish: 0.2995
200/300 [===================>..........] - ETA: 0s - loss: 0.3771 - task_finish: 0.3030
215/300 [====================>.........] - ETA: 0s - loss: 0.3690 - task_finish: 0.3051
230/300 [======================>.......] - ETA: 0s - loss: 0.3697 - task_finish: 0.3070
245/300 [=======================>......] - ETA: 0s - loss: 0.3823 - task_finish: 0.3208
260/300 [=========================>....] - ETA: 0s - loss: 0.3813 - task_finish: 0.3154
275/300 [==========================>...] - ETA: 0s - loss: 0.3728 - task_finish: 0.3055
290/300 [============================>.] - ETA: 0s - loss: 0.3796 - task_finish: 0.3076
300/300 [==============================] - 1s 4ms/step - loss: 0.3821 - task_finish: 0.3080
Epoch 12/30

  5/300 [..............................] - ETA: 1s - loss: 0.2061 - task_finish: 0.0000e+00
 20/300 [=>............................] - ETA: 1s - loss: 0.3189 - task_finish: 0.2000    
 35/300 [==>...........................] - ETA: 1s - loss: 0.2938 - task_finish: 0.2571
 50/300 [====>.........................] - ETA: 0s - loss: 0.3968 - task_finish: 0.3200
 65/300 [=====>........................] - ETA: 0s - loss: 0.3775 - task_finish: 0.3138
 80/300 [=======>......................] - ETA: 0s - loss: 0.3571 - task_finish: 0.2800
 95/300 [========>.....................] - ETA: 0s - loss: 0.3605 - task_finish: 0.2884
110/300 [==========>...................] - ETA: 0s - loss: 0.3726 - task_finish: 0.3036
125/300 [===========>..................] - ETA: 0s - loss: 0.3781 - task_finish: 0.3104
140/300 [=============>................] - ETA: 0s - loss: 0.3709 - task_finish: 0.2914
155/300 [==============>...............] - ETA: 0s - loss: 0.3701 - task_finish: 0.2916
170/300 [================>.............] - ETA: 0s - loss: 0.3631 - task_finish: 0.2835
185/300 [=================>............] - ETA: 0s - loss: 0.3679 - task_finish: 0.2832
200/300 [===================>..........] - ETA: 0s - loss: 0.3682 - task_finish: 0.2920
215/300 [====================>.........] - ETA: 0s - loss: 0.3727 - task_finish: 0.3023
230/300 [======================>.......] - ETA: 0s - loss: 0.3776 - task_finish: 0.3104
245/300 [=======================>......] - ETA: 0s - loss: 0.3798 - task_finish: 0.3127
260/300 [=========================>....] - ETA: 0s - loss: 0.3832 - task_finish: 0.3292
275/300 [==========================>...] - ETA: 0s - loss: 0.3802 - task_finish: 0.3215
290/300 [============================>.] - ETA: 0s - loss: 0.3765 - task_finish: 0.3166
300/300 [==============================] - 1s 4ms/step - loss: 0.3745 - task_finish: 0.3127
Epoch 13/30

  5/300 [..............................] - ETA: 1s - loss: 0.1075 - task_finish: 0.0000e+00
 20/300 [=>............................] - ETA: 1s - loss: 0.1476 - task_finish: 0.1000    
 35/300 [==>...........................] - ETA: 1s - loss: 0.2769 - task_finish: 0.1429
 50/300 [====>.........................] - ETA: 0s - loss: 0.3486 - task_finish: 0.2400
 65/300 [=====>........................] - ETA: 0s - loss: 0.3374 - task_finish: 0.2154
 80/300 [=======>......................] - ETA: 0s - loss: 0.3441 - task_finish: 0.2450
 95/300 [========>.....................] - ETA: 0s - loss: 0.3592 - task_finish: 0.2611
110/300 [==========>...................] - ETA: 0s - loss: 0.3599 - task_finish: 0.2927
125/300 [===========>..................] - ETA: 0s - loss: 0.3583 - task_finish: 0.2816
140/300 [=============>................] - ETA: 0s - loss: 0.3690 - task_finish: 0.2757
155/300 [==============>...............] - ETA: 0s - loss: 0.3745 - task_finish: 0.2877
170/300 [================>.............] - ETA: 0s - loss: 0.3724 - task_finish: 0.3094
185/300 [=================>............] - ETA: 0s - loss: 0.3564 - task_finish: 0.3114
200/300 [===================>..........] - ETA: 0s - loss: 0.3630 - task_finish: 0.3080
215/300 [====================>.........] - ETA: 0s - loss: 0.3625 - task_finish: 0.3060
230/300 [======================>.......] - ETA: 0s - loss: 0.3634 - task_finish: 0.2991
245/300 [=======================>......] - ETA: 0s - loss: 0.3539 - task_finish: 0.2971
260/300 [=========================>....] - ETA: 0s - loss: 0.3550 - task_finish: 0.2931
275/300 [==========================>...] - ETA: 0s - loss: 0.3525 - task_finish: 0.2989
290/300 [============================>.] - ETA: 0s - loss: 0.3573 - task_finish: 0.3021
300/300 [==============================] - 1s 4ms/step - loss: 0.3671 - task_finish: 0.3100
Epoch 14/30

  5/300 [..............................] - ETA: 1s - loss: 0.7316 - task_finish: 0.4000
 20/300 [=>............................] - ETA: 1s - loss: 0.5014 - task_finish: 0.4000
 35/300 [==>...........................] - ETA: 1s - loss: 0.4123 - task_finish: 0.3200
 50/300 [====>.........................] - ETA: 0s - loss: 0.4213 - task_finish: 0.3520
 65/300 [=====>........................] - ETA: 0s - loss: 0.4106 - task_finish: 0.3108
 80/300 [=======>......................] - ETA: 0s - loss: 0.4199 - task_finish: 0.3150
 95/300 [========>.....................] - ETA: 0s - loss: 0.3843 - task_finish: 0.2737
110/300 [==========>...................] - ETA: 0s - loss: 0.3787 - task_finish: 0.3255
125/300 [===========>..................] - ETA: 0s - loss: 0.3849 - task_finish: 0.3376
140/300 [=============>................] - ETA: 0s - loss: 0.3982 - task_finish: 0.3300
155/300 [==============>...............] - ETA: 0s - loss: 0.3868 - task_finish: 0.3303
170/300 [================>.............] - ETA: 0s - loss: 0.3843 - task_finish: 0.3306
185/300 [=================>............] - ETA: 0s - loss: 0.3774 - task_finish: 0.3211
200/300 [===================>..........] - ETA: 0s - loss: 0.3706 - task_finish: 0.3260
215/300 [====================>.........] - ETA: 0s - loss: 0.3711 - task_finish: 0.3247
230/300 [======================>.......] - ETA: 0s - loss: 0.3691 - task_finish: 0.3304
245/300 [=======================>......] - ETA: 0s - loss: 0.3639 - task_finish: 0.3192
260/300 [=========================>....] - ETA: 0s - loss: 0.3665 - task_finish: 0.3138
275/300 [==========================>...] - ETA: 0s - loss: 0.3651 - task_finish: 0.3185
290/300 [============================>.] - ETA: 0s - loss: 0.3625 - task_finish: 0.3159
300/300 [==============================] - 1s 4ms/step - loss: 0.3607 - task_finish: 0.3153
Epoch 15/30

  5/300 [..............................] - ETA: 1s - loss: 0.8064 - task_finish: 0.6000
 20/300 [=>............................] - ETA: 1s - loss: 0.5037 - task_finish: 0.4100
 35/300 [==>...........................] - ETA: 1s - loss: 0.3826 - task_finish: 0.2914
 50/300 [====>.........................] - ETA: 0s - loss: 0.3400 - task_finish: 0.2480
 65/300 [=====>........................] - ETA: 0s - loss: 0.3243 - task_finish: 0.2277
 80/300 [=======>......................] - ETA: 0s - loss: 0.3596 - task_finish: 0.2850
 95/300 [========>.....................] - ETA: 0s - loss: 0.3739 - task_finish: 0.3032
110/300 [==========>...................] - ETA: 0s - loss: 0.3644 - task_finish: 0.2945
125/300 [===========>..................] - ETA: 0s - loss: 0.3571 - task_finish: 0.2752
140/300 [=============>................] - ETA: 0s - loss: 0.3845 - task_finish: 0.3000
155/300 [==============>...............] - ETA: 0s - loss: 0.3714 - task_finish: 0.2735
170/300 [================>.............] - ETA: 0s - loss: 0.3819 - task_finish: 0.2906
185/300 [=================>............] - ETA: 0s - loss: 0.3815 - task_finish: 0.3049
200/300 [===================>..........] - ETA: 0s - loss: 0.3762 - task_finish: 0.3080
215/300 [====================>.........] - ETA: 0s - loss: 0.3767 - task_finish: 0.3284
230/300 [======================>.......] - ETA: 0s - loss: 0.3655 - task_finish: 0.3304
245/300 [=======================>......] - ETA: 0s - loss: 0.3702 - task_finish: 0.3233
260/300 [=========================>....] - ETA: 0s - loss: 0.3589 - task_finish: 0.3123
275/300 [==========================>...] - ETA: 0s - loss: 0.3512 - task_finish: 0.3113
290/300 [============================>.] - ETA: 0s - loss: 0.3567 - task_finish: 0.3152
300/300 [==============================] - 1s 4ms/step - loss: 0.3554 - task_finish: 0.3180
Epoch 16/30

  5/300 [..............................] - ETA: 1s - loss: 0.4787 - task_finish: 0.6000
 20/300 [=>............................] - ETA: 1s - loss: 0.4209 - task_finish: 0.4000
 35/300 [==>...........................] - ETA: 1s - loss: 0.3427 - task_finish: 0.3371
 50/300 [====>.........................] - ETA: 0s - loss: 0.3404 - task_finish: 0.3400
 65/300 [=====>........................] - ETA: 0s - loss: 0.3385 - task_finish: 0.3692
 80/300 [=======>......................] - ETA: 0s - loss: 0.3226 - task_finish: 0.3400
 95/300 [========>.....................] - ETA: 0s - loss: 0.3271 - task_finish: 0.3537
110/300 [==========>...................] - ETA: 0s - loss: 0.3245 - task_finish: 0.3364
125/300 [===========>..................] - ETA: 0s - loss: 0.3419 - task_finish: 0.3520
140/300 [=============>................] - ETA: 0s - loss: 0.3452 - task_finish: 0.3571
155/300 [==============>...............] - ETA: 0s - loss: 0.3442 - task_finish: 0.3445
170/300 [================>.............] - ETA: 0s - loss: 0.3482 - task_finish: 0.3553
185/300 [=================>............] - ETA: 0s - loss: 0.3552 - task_finish: 0.3503
200/300 [===================>..........] - ETA: 0s - loss: 0.3572 - task_finish: 0.3450
215/300 [====================>.........] - ETA: 0s - loss: 0.3573 - task_finish: 0.3414
230/300 [======================>.......] - ETA: 0s - loss: 0.3631 - task_finish: 0.3461
245/300 [=======================>......] - ETA: 0s - loss: 0.3644 - task_finish: 0.3510
260/300 [=========================>....] - ETA: 0s - loss: 0.3601 - task_finish: 0.3415
275/300 [==========================>...] - ETA: 0s - loss: 0.3515 - task_finish: 0.3309
290/300 [============================>.] - ETA: 0s - loss: 0.3500 - task_finish: 0.3283
300/300 [==============================] - 1s 4ms/step - loss: 0.3502 - task_finish: 0.3287
Epoch 17/30

  5/300 [..............................] - ETA: 1s - loss: 0.4908 - task_finish: 0.4800
 20/300 [=>............................] - ETA: 1s - loss: 0.3569 - task_finish: 0.3300
 35/300 [==>...........................] - ETA: 1s - loss: 0.3563 - task_finish: 0.3429
 50/300 [====>.........................] - ETA: 0s - loss: 0.3649 - task_finish: 0.3840
 65/300 [=====>........................] - ETA: 0s - loss: 0.3690 - task_finish: 0.3877
 80/300 [=======>......................] - ETA: 0s - loss: 0.3641 - task_finish: 0.3775
 95/300 [========>.....................] - ETA: 0s - loss: 0.3755 - task_finish: 0.4021
110/300 [==========>...................] - ETA: 0s - loss: 0.4026 - task_finish: 0.4109
125/300 [===========>..................] - ETA: 0s - loss: 0.3846 - task_finish: 0.3712
140/300 [=============>................] - ETA: 0s - loss: 0.3764 - task_finish: 0.3543
155/300 [==============>...............] - ETA: 0s - loss: 0.3661 - task_finish: 0.3303
170/300 [================>.............] - ETA: 0s - loss: 0.3705 - task_finish: 0.3341
185/300 [=================>............] - ETA: 0s - loss: 0.3713 - task_finish: 0.3427
200/300 [===================>..........] - ETA: 0s - loss: 0.3667 - task_finish: 0.3400
215/300 [====================>.........] - ETA: 0s - loss: 0.3669 - task_finish: 0.3460
230/300 [======================>.......] - ETA: 0s - loss: 0.3620 - task_finish: 0.3400
245/300 [=======================>......] - ETA: 0s - loss: 0.3488 - task_finish: 0.3314
260/300 [=========================>....] - ETA: 0s - loss: 0.3545 - task_finish: 0.3400
275/300 [==========================>...] - ETA: 0s - loss: 0.3496 - task_finish: 0.3382
290/300 [============================>.] - ETA: 0s - loss: 0.3413 - task_finish: 0.3207
300/300 [==============================] - 1s 4ms/step - loss: 0.3454 - task_finish: 0.3273
Epoch 18/30

  5/300 [..............................] - ETA: 1s - loss: 0.6535 - task_finish: 0.4000
 20/300 [=>............................] - ETA: 1s - loss: 0.3151 - task_finish: 0.2200
 35/300 [==>...........................] - ETA: 1s - loss: 0.2964 - task_finish: 0.2514
 50/300 [====>.........................] - ETA: 0s - loss: 0.3115 - task_finish: 0.2800
 65/300 [=====>........................] - ETA: 0s - loss: 0.3057 - task_finish: 0.2954
 80/300 [=======>......................] - ETA: 0s - loss: 0.2864 - task_finish: 0.2400
 95/300 [========>.....................] - ETA: 0s - loss: 0.2880 - task_finish: 0.2295
110/300 [==========>...................] - ETA: 0s - loss: 0.3194 - task_finish: 0.2455
125/300 [===========>..................] - ETA: 0s - loss: 0.3069 - task_finish: 0.2384
140/300 [=============>................] - ETA: 0s - loss: 0.3326 - task_finish: 0.2543
155/300 [==============>...............] - ETA: 0s - loss: 0.3639 - task_finish: 0.2826
170/300 [================>.............] - ETA: 0s - loss: 0.3590 - task_finish: 0.2929
185/300 [=================>............] - ETA: 0s - loss: 0.3522 - task_finish: 0.3016
200/300 [===================>..........] - ETA: 0s - loss: 0.3567 - task_finish: 0.3150
215/300 [====================>.........] - ETA: 0s - loss: 0.3590 - task_finish: 0.3256
230/300 [======================>.......] - ETA: 0s - loss: 0.3503 - task_finish: 0.3183
245/300 [=======================>......] - ETA: 0s - loss: 0.3483 - task_finish: 0.3216
260/300 [=========================>....] - ETA: 0s - loss: 0.3455 - task_finish: 0.3338
275/300 [==========================>...] - ETA: 0s - loss: 0.3430 - task_finish: 0.3324
290/300 [============================>.] - ETA: 0s - loss: 0.3415 - task_finish: 0.3297
300/300 [==============================] - 1s 4ms/step - loss: 0.3409 - task_finish: 0.3327
Epoch 19/30

  5/300 [..............................] - ETA: 1s - loss: 0.4467 - task_finish: 0.2000
 20/300 [=>............................] - ETA: 1s - loss: 0.3605 - task_finish: 0.3200
 35/300 [==>...........................] - ETA: 1s - loss: 0.3588 - task_finish: 0.2857
 50/300 [====>.........................] - ETA: 0s - loss: 0.3331 - task_finish: 0.3080
 65/300 [=====>........................] - ETA: 0s - loss: 0.3519 - task_finish: 0.3262
 80/300 [=======>......................] - ETA: 0s - loss: 0.3372 - task_finish: 0.3025
 95/300 [========>.....................] - ETA: 0s - loss: 0.3371 - task_finish: 0.3011
110/300 [==========>...................] - ETA: 0s - loss: 0.3288 - task_finish: 0.3073
125/300 [===========>..................] - ETA: 0s - loss: 0.3140 - task_finish: 0.3120
140/300 [=============>................] - ETA: 0s - loss: 0.3158 - task_finish: 0.3100
155/300 [==============>...............] - ETA: 0s - loss: 0.3159 - task_finish: 0.3032
170/300 [================>.............] - ETA: 0s - loss: 0.3355 - task_finish: 0.3318
185/300 [=================>............] - ETA: 0s - loss: 0.3462 - task_finish: 0.3470
200/300 [===================>..........] - ETA: 0s - loss: 0.3455 - task_finish: 0.3430
215/300 [====================>.........] - ETA: 0s - loss: 0.3646 - task_finish: 0.3581
230/300 [======================>.......] - ETA: 0s - loss: 0.3552 - task_finish: 0.3513
245/300 [=======================>......] - ETA: 0s - loss: 0.3540 - task_finish: 0.3510
260/300 [=========================>....] - ETA: 0s - loss: 0.3486 - task_finish: 0.3477
275/300 [==========================>...] - ETA: 0s - loss: 0.3448 - task_finish: 0.3396
290/300 [============================>.] - ETA: 0s - loss: 0.3438 - task_finish: 0.3400
300/300 [==============================] - 1s 4ms/step - loss: 0.3366 - task_finish: 0.3407
Epoch 20/30

  5/300 [..............................] - ETA: 1s - loss: 0.3145 - task_finish: 0.2800
 20/300 [=>............................] - ETA: 1s - loss: 0.3406 - task_finish: 0.3100
 35/300 [==>...........................] - ETA: 1s - loss: 0.3536 - task_finish: 0.4057
 50/300 [====>.........................] - ETA: 0s - loss: 0.3742 - task_finish: 0.3960
 65/300 [=====>........................] - ETA: 0s - loss: 0.3883 - task_finish: 0.4246
 80/300 [=======>......................] - ETA: 0s - loss: 0.3813 - task_finish: 0.4200
 95/300 [========>.....................] - ETA: 0s - loss: 0.3555 - task_finish: 0.4147
110/300 [==========>...................] - ETA: 0s - loss: 0.3386 - task_finish: 0.4036
125/300 [===========>..................] - ETA: 0s - loss: 0.3321 - task_finish: 0.4192
140/300 [=============>................] - ETA: 0s - loss: 0.3329 - task_finish: 0.4086
155/300 [==============>...............] - ETA: 0s - loss: 0.3232 - task_finish: 0.3897
170/300 [================>.............] - ETA: 0s - loss: 0.3341 - task_finish: 0.3918
185/300 [=================>............] - ETA: 0s - loss: 0.3251 - task_finish: 0.3805
200/300 [===================>..........] - ETA: 0s - loss: 0.3242 - task_finish: 0.3750
215/300 [====================>.........] - ETA: 0s - loss: 0.3332 - task_finish: 0.3786
230/300 [======================>.......] - ETA: 0s - loss: 0.3276 - task_finish: 0.3730
245/300 [=======================>......] - ETA: 0s - loss: 0.3302 - task_finish: 0.3673
260/300 [=========================>....] - ETA: 0s - loss: 0.3355 - task_finish: 0.3700
275/300 [==========================>...] - ETA: 0s - loss: 0.3339 - task_finish: 0.3651
290/300 [============================>.] - ETA: 0s - loss: 0.3313 - task_finish: 0.3566
300/300 [==============================] - 1s 4ms/step - loss: 0.3326 - task_finish: 0.3513
Epoch 21/30

  5/300 [..............................] - ETA: 1s - loss: 0.3928 - task_finish: 0.2400
 20/300 [=>............................] - ETA: 1s - loss: 0.3832 - task_finish: 0.4300
 35/300 [==>...........................] - ETA: 1s - loss: 0.3211 - task_finish: 0.3257
 50/300 [====>.........................] - ETA: 1s - loss: 0.3495 - task_finish: 0.3680
 65/300 [=====>........................] - ETA: 0s - loss: 0.3067 - task_finish: 0.3200
 80/300 [=======>......................] - ETA: 0s - loss: 0.3211 - task_finish: 0.3500
 95/300 [========>.....................] - ETA: 0s - loss: 0.3277 - task_finish: 0.3516
110/300 [==========>...................] - ETA: 0s - loss: 0.3457 - task_finish: 0.3727
125/300 [===========>..................] - ETA: 0s - loss: 0.3361 - task_finish: 0.3552
140/300 [=============>................] - ETA: 0s - loss: 0.3325 - task_finish: 0.3514
155/300 [==============>...............] - ETA: 0s - loss: 0.3178 - task_finish: 0.3484
170/300 [================>.............] - ETA: 0s - loss: 0.3165 - task_finish: 0.3447
185/300 [=================>............] - ETA: 0s - loss: 0.3107 - task_finish: 0.3297
200/300 [===================>..........] - ETA: 0s - loss: 0.3130 - task_finish: 0.3480
215/300 [====================>.........] - ETA: 0s - loss: 0.3168 - task_finish: 0.3433
230/300 [======================>.......] - ETA: 0s - loss: 0.3224 - task_finish: 0.3478
245/300 [=======================>......] - ETA: 0s - loss: 0.3249 - task_finish: 0.3592
260/300 [=========================>....] - ETA: 0s - loss: 0.3245 - task_finish: 0.3631
275/300 [==========================>...] - ETA: 0s - loss: 0.3320 - task_finish: 0.3622
290/300 [============================>.] - ETA: 0s - loss: 0.3306 - task_finish: 0.3607
300/300 [==============================] - 1s 4ms/step - loss: 0.3287 - task_finish: 0.3547
Epoch 22/30

  5/300 [..............................] - ETA: 1s - loss: 0.1535 - task_finish: 0.2000
 20/300 [=>............................] - ETA: 1s - loss: 0.2810 - task_finish: 0.2900
 35/300 [==>...........................] - ETA: 1s - loss: 0.3117 - task_finish: 0.3714
 50/300 [====>.........................] - ETA: 0s - loss: 0.3143 - task_finish: 0.4120
 65/300 [=====>........................] - ETA: 0s - loss: 0.3151 - task_finish: 0.3938
 80/300 [=======>......................] - ETA: 0s - loss: 0.2927 - task_finish: 0.3475
 95/300 [========>.....................] - ETA: 0s - loss: 0.3018 - task_finish: 0.3495
110/300 [==========>...................] - ETA: 0s - loss: 0.3236 - task_finish: 0.3745
125/300 [===========>..................] - ETA: 0s - loss: 0.3399 - task_finish: 0.3728
140/300 [=============>................] - ETA: 0s - loss: 0.3381 - task_finish: 0.3800
155/300 [==============>...............] - ETA: 0s - loss: 0.3385 - task_finish: 0.3665
170/300 [================>.............] - ETA: 0s - loss: 0.3534 - task_finish: 0.3706
185/300 [=================>............] - ETA: 0s - loss: 0.3502 - task_finish: 0.3654
200/300 [===================>..........] - ETA: 0s - loss: 0.3460 - task_finish: 0.3600
215/300 [====================>.........] - ETA: 0s - loss: 0.3468 - task_finish: 0.3628
230/300 [======================>.......] - ETA: 0s - loss: 0.3427 - task_finish: 0.3565
245/300 [=======================>......] - ETA: 0s - loss: 0.3332 - task_finish: 0.3633
260/300 [=========================>....] - ETA: 0s - loss: 0.3319 - task_finish: 0.3592
275/300 [==========================>...] - ETA: 0s - loss: 0.3335 - task_finish: 0.3564
290/300 [============================>.] - ETA: 0s - loss: 0.3259 - task_finish: 0.3476
300/300 [==============================] - 1s 4ms/step - loss: 0.3254 - task_finish: 0.3533
Epoch 23/30

  5/300 [..............................] - ETA: 1s - loss: 0.2802 - task_finish: 0.2400
 20/300 [=>............................] - ETA: 1s - loss: 0.2497 - task_finish: 0.2800
 35/300 [==>...........................] - ETA: 1s - loss: 0.2840 - task_finish: 0.2343
 50/300 [====>.........................] - ETA: 1s - loss: 0.2555 - task_finish: 0.2400
 65/300 [=====>........................] - ETA: 0s - loss: 0.2864 - task_finish: 0.3015
 80/300 [=======>......................] - ETA: 0s - loss: 0.2934 - task_finish: 0.3025
 95/300 [========>.....................] - ETA: 0s - loss: 0.3170 - task_finish: 0.3284
110/300 [==========>...................] - ETA: 0s - loss: 0.3265 - task_finish: 0.3418
125/300 [===========>..................] - ETA: 0s - loss: 0.3173 - task_finish: 0.3456
140/300 [=============>................] - ETA: 0s - loss: 0.3170 - task_finish: 0.3529
155/300 [==============>...............] - ETA: 0s - loss: 0.3090 - task_finish: 0.3471
170/300 [================>.............] - ETA: 0s - loss: 0.3048 - task_finish: 0.3447
185/300 [=================>............] - ETA: 0s - loss: 0.3014 - task_finish: 0.3319
200/300 [===================>..........] - ETA: 0s - loss: 0.3034 - task_finish: 0.3430
215/300 [====================>.........] - ETA: 0s - loss: 0.3058 - task_finish: 0.3386
230/300 [======================>.......] - ETA: 0s - loss: 0.3054 - task_finish: 0.3496
245/300 [=======================>......] - ETA: 0s - loss: 0.3128 - task_finish: 0.3551
260/300 [=========================>....] - ETA: 0s - loss: 0.3168 - task_finish: 0.3546
275/300 [==========================>...] - ETA: 0s - loss: 0.3155 - task_finish: 0.3505
290/300 [============================>.] - ETA: 0s - loss: 0.3212 - task_finish: 0.3566
300/300 [==============================] - 1s 4ms/step - loss: 0.3223 - task_finish: 0.3593
Epoch 24/30

  5/300 [..............................] - ETA: 1s - loss: 0.2385 - task_finish: 0.0000e+00
 20/300 [=>............................] - ETA: 1s - loss: 0.1952 - task_finish: 0.0000e+00
 35/300 [==>...........................] - ETA: 1s - loss: 0.2834 - task_finish: 0.2171    
 50/300 [====>.........................] - ETA: 0s - loss: 0.2595 - task_finish: 0.2080
 65/300 [=====>........................] - ETA: 0s - loss: 0.2550 - task_finish: 0.2308
 80/300 [=======>......................] - ETA: 0s - loss: 0.2550 - task_finish: 0.2625
 95/300 [========>.....................] - ETA: 0s - loss: 0.2589 - task_finish: 0.2968
110/300 [==========>...................] - ETA: 0s - loss: 0.2759 - task_finish: 0.3036
125/300 [===========>..................] - ETA: 0s - loss: 0.2730 - task_finish: 0.3152
140/300 [=============>................] - ETA: 0s - loss: 0.2853 - task_finish: 0.3229
155/300 [==============>...............] - ETA: 0s - loss: 0.2936 - task_finish: 0.3406
170/300 [================>.............] - ETA: 0s - loss: 0.2857 - task_finish: 0.3235
185/300 [=================>............] - ETA: 0s - loss: 0.3058 - task_finish: 0.3297
200/300 [===================>..........] - ETA: 0s - loss: 0.3051 - task_finish: 0.3310
215/300 [====================>.........] - ETA: 0s - loss: 0.3212 - task_finish: 0.3423
230/300 [======================>.......] - ETA: 0s - loss: 0.3161 - task_finish: 0.3365
245/300 [=======================>......] - ETA: 0s - loss: 0.3079 - task_finish: 0.3404
260/300 [=========================>....] - ETA: 0s - loss: 0.3094 - task_finish: 0.3454
275/300 [==========================>...] - ETA: 0s - loss: 0.3162 - task_finish: 0.3593
290/300 [============================>.] - ETA: 0s - loss: 0.3172 - task_finish: 0.3503
300/300 [==============================] - 1s 4ms/step - loss: 0.3194 - task_finish: 0.3527
Epoch 25/30

  5/300 [..............................] - ETA: 1s - loss: 0.1537 - task_finish: 0.1600
 20/300 [=>............................] - ETA: 1s - loss: 0.2110 - task_finish: 0.3300
 35/300 [==>...........................] - ETA: 1s - loss: 0.2874 - task_finish: 0.3943
 50/300 [====>.........................] - ETA: 0s - loss: 0.2566 - task_finish: 0.3400
 65/300 [=====>........................] - ETA: 0s - loss: 0.2553 - task_finish: 0.3538
 80/300 [=======>......................] - ETA: 0s - loss: 0.2750 - task_finish: 0.3525
 95/300 [========>.....................] - ETA: 0s - loss: 0.2838 - task_finish: 0.3453
110/300 [==========>...................] - ETA: 0s - loss: 0.2864 - task_finish: 0.3564
125/300 [===========>..................] - ETA: 0s - loss: 0.2797 - task_finish: 0.3744
140/300 [=============>................] - ETA: 0s - loss: 0.2729 - task_finish: 0.3671
155/300 [==============>...............] - ETA: 0s - loss: 0.2723 - task_finish: 0.3703
170/300 [================>.............] - ETA: 0s - loss: 0.2841 - task_finish: 0.3765
185/300 [=================>............] - ETA: 0s - loss: 0.2880 - task_finish: 0.3719
200/300 [===================>..........] - ETA: 0s - loss: 0.2934 - task_finish: 0.3650
215/300 [====================>.........] - ETA: 0s - loss: 0.2965 - task_finish: 0.3619
230/300 [======================>.......] - ETA: 0s - loss: 0.2983 - task_finish: 0.3626
245/300 [=======================>......] - ETA: 0s - loss: 0.3084 - task_finish: 0.3731
260/300 [=========================>....] - ETA: 0s - loss: 0.3079 - task_finish: 0.3800
275/300 [==========================>...] - ETA: 0s - loss: 0.3108 - task_finish: 0.3745
290/300 [============================>.] - ETA: 0s - loss: 0.3102 - task_finish: 0.3676
300/300 [==============================] - 1s 4ms/step - loss: 0.3169 - task_finish: 0.3713
Epoch 26/30

  5/300 [..............................] - ETA: 1s - loss: 0.2087 - task_finish: 0.0400
 20/300 [=>............................] - ETA: 1s - loss: 0.3023 - task_finish: 0.2000
 35/300 [==>...........................] - ETA: 1s - loss: 0.2912 - task_finish: 0.2400
 50/300 [====>.........................] - ETA: 0s - loss: 0.3178 - task_finish: 0.3160
 65/300 [=====>........................] - ETA: 0s - loss: 0.3562 - task_finish: 0.3415
 80/300 [=======>......................] - ETA: 0s - loss: 0.3506 - task_finish: 0.3775
 95/300 [========>.....................] - ETA: 0s - loss: 0.3579 - task_finish: 0.3726
110/300 [==========>...................] - ETA: 0s - loss: 0.3381 - task_finish: 0.3909
125/300 [===========>..................] - ETA: 0s - loss: 0.3252 - task_finish: 0.3968
140/300 [=============>................] - ETA: 0s - loss: 0.3274 - task_finish: 0.4071
155/300 [==============>...............] - ETA: 0s - loss: 0.3187 - task_finish: 0.4000
170/300 [================>.............] - ETA: 0s - loss: 0.3099 - task_finish: 0.3765
185/300 [=================>............] - ETA: 0s - loss: 0.3177 - task_finish: 0.3859
200/300 [===================>..........] - ETA: 0s - loss: 0.3247 - task_finish: 0.3760
215/300 [====================>.........] - ETA: 0s - loss: 0.3170 - task_finish: 0.3721
230/300 [======================>.......] - ETA: 0s - loss: 0.3145 - task_finish: 0.3643
245/300 [=======================>......] - ETA: 0s - loss: 0.3097 - task_finish: 0.3592
260/300 [=========================>....] - ETA: 0s - loss: 0.3121 - task_finish: 0.3692
275/300 [==========================>...] - ETA: 0s - loss: 0.3126 - task_finish: 0.3665
290/300 [============================>.] - ETA: 0s - loss: 0.3181 - task_finish: 0.3676
300/300 [==============================] - 1s 4ms/step - loss: 0.3145 - task_finish: 0.3707
Epoch 27/30

  5/300 [..............................] - ETA: 1s - loss: 0.3680 - task_finish: 0.5600
 20/300 [=>............................] - ETA: 1s - loss: 0.3955 - task_finish: 0.4600
 35/300 [==>...........................] - ETA: 0s - loss: 0.3049 - task_finish: 0.3257
 50/300 [====>.........................] - ETA: 0s - loss: 0.2631 - task_finish: 0.2960
 65/300 [=====>........................] - ETA: 0s - loss: 0.2810 - task_finish: 0.3538
 80/300 [=======>......................] - ETA: 0s - loss: 0.2652 - task_finish: 0.3650
 95/300 [========>.....................] - ETA: 0s - loss: 0.2646 - task_finish: 0.3284
110/300 [==========>...................] - ETA: 0s - loss: 0.2748 - task_finish: 0.3364
125/300 [===========>..................] - ETA: 0s - loss: 0.2679 - task_finish: 0.3312
140/300 [=============>................] - ETA: 0s - loss: 0.2945 - task_finish: 0.3700
155/300 [==============>...............] - ETA: 0s - loss: 0.2936 - task_finish: 0.3703
170/300 [================>.............] - ETA: 0s - loss: 0.3018 - task_finish: 0.3788
185/300 [=================>............] - ETA: 0s - loss: 0.2981 - task_finish: 0.3892
200/300 [===================>..........] - ETA: 0s - loss: 0.3079 - task_finish: 0.3960
215/300 [====================>.........] - ETA: 0s - loss: 0.3094 - task_finish: 0.3823
230/300 [======================>.......] - ETA: 0s - loss: 0.3057 - task_finish: 0.3678
245/300 [=======================>......] - ETA: 0s - loss: 0.3035 - task_finish: 0.3641
260/300 [=========================>....] - ETA: 0s - loss: 0.2985 - task_finish: 0.3600
275/300 [==========================>...] - ETA: 0s - loss: 0.3025 - task_finish: 0.3658
290/300 [============================>.] - ETA: 0s - loss: 0.3059 - task_finish: 0.3648
300/300 [==============================] - 1s 4ms/step - loss: 0.3122 - task_finish: 0.3727
Epoch 28/30

  5/300 [..............................] - ETA: 1s - loss: 0.4269 - task_finish: 0.6000
 20/300 [=>............................] - ETA: 1s - loss: 0.3435 - task_finish: 0.4300
 35/300 [==>...........................] - ETA: 0s - loss: 0.3491 - task_finish: 0.3771
 50/300 [====>.........................] - ETA: 0s - loss: 0.3427 - task_finish: 0.3440
 65/300 [=====>........................] - ETA: 0s - loss: 0.3392 - task_finish: 0.3631
 80/300 [=======>......................] - ETA: 0s - loss: 0.3278 - task_finish: 0.3525
 95/300 [========>.....................] - ETA: 0s - loss: 0.3360 - task_finish: 0.3600
110/300 [==========>...................] - ETA: 0s - loss: 0.3280 - task_finish: 0.3764
125/300 [===========>..................] - ETA: 0s - loss: 0.3150 - task_finish: 0.3792
140/300 [=============>................] - ETA: 0s - loss: 0.3070 - task_finish: 0.3971
155/300 [==============>...............] - ETA: 0s - loss: 0.3061 - task_finish: 0.3987
170/300 [================>.............] - ETA: 0s - loss: 0.3099 - task_finish: 0.3988
185/300 [=================>............] - ETA: 0s - loss: 0.3085 - task_finish: 0.3989
200/300 [===================>..........] - ETA: 0s - loss: 0.3151 - task_finish: 0.4010
215/300 [====================>.........] - ETA: 0s - loss: 0.3126 - task_finish: 0.3907
230/300 [======================>.......] - ETA: 0s - loss: 0.3057 - task_finish: 0.3783
245/300 [=======================>......] - ETA: 0s - loss: 0.3109 - task_finish: 0.3853
260/300 [=========================>....] - ETA: 0s - loss: 0.3117 - task_finish: 0.3769
275/300 [==========================>...] - ETA: 0s - loss: 0.3140 - task_finish: 0.3804
290/300 [============================>.] - ETA: 0s - loss: 0.3099 - task_finish: 0.3807
300/300 [==============================] - 1s 4ms/step - loss: 0.3096 - task_finish: 0.3767
Epoch 29/30

  5/300 [..............................] - ETA: 1s - loss: 0.4228 - task_finish: 0.4000
 20/300 [=>............................] - ETA: 1s - loss: 0.2940 - task_finish: 0.4100
 35/300 [==>...........................] - ETA: 1s - loss: 0.2860 - task_finish: 0.3200
 50/300 [====>.........................] - ETA: 0s - loss: 0.2782 - task_finish: 0.2960
 65/300 [=====>........................] - ETA: 0s - loss: 0.3105 - task_finish: 0.3415
 80/300 [=======>......................] - ETA: 0s - loss: 0.3398 - task_finish: 0.3425
 95/300 [========>.....................] - ETA: 0s - loss: 0.3341 - task_finish: 0.3326
110/300 [==========>...................] - ETA: 0s - loss: 0.3360 - task_finish: 0.3727
125/300 [===========>..................] - ETA: 0s - loss: 0.3387 - task_finish: 0.3680
140/300 [=============>................] - ETA: 0s - loss: 0.3216 - task_finish: 0.3557
155/300 [==============>...............] - ETA: 0s - loss: 0.3330 - task_finish: 0.3690
170/300 [================>.............] - ETA: 0s - loss: 0.3255 - task_finish: 0.3647
185/300 [=================>............] - ETA: 0s - loss: 0.3149 - task_finish: 0.3611
200/300 [===================>..........] - ETA: 0s - loss: 0.3245 - task_finish: 0.3780
215/300 [====================>.........] - ETA: 0s - loss: 0.3286 - task_finish: 0.3833
230/300 [======================>.......] - ETA: 0s - loss: 0.3229 - task_finish: 0.3783
245/300 [=======================>......] - ETA: 0s - loss: 0.3224 - task_finish: 0.3861
260/300 [=========================>....] - ETA: 0s - loss: 0.3172 - task_finish: 0.3831
275/300 [==========================>...] - ETA: 0s - loss: 0.3172 - task_finish: 0.3898
290/300 [============================>.] - ETA: 0s - loss: 0.3111 - task_finish: 0.3910
300/300 [==============================] - 1s 4ms/step - loss: 0.3077 - task_finish: 0.3840
Epoch 30/30

  5/300 [..............................] - ETA: 1s - loss: 0.2665 - task_finish: 0.4000
 20/300 [=>............................] - ETA: 1s - loss: 0.3461 - task_finish: 0.5600
 35/300 [==>...........................] - ETA: 1s - loss: 0.2831 - task_finish: 0.4457
 50/300 [====>.........................] - ETA: 0s - loss: 0.3063 - task_finish: 0.4240
 65/300 [=====>........................] - ETA: 0s - loss: 0.2957 - task_finish: 0.4092
 80/300 [=======>......................] - ETA: 0s - loss: 0.3273 - task_finish: 0.4275
 95/300 [========>.....................] - ETA: 0s - loss: 0.3182 - task_finish: 0.4232
110/300 [==========>...................] - ETA: 0s - loss: 0.3174 - task_finish: 0.4164
125/300 [===========>..................] - ETA: 0s - loss: 0.3269 - task_finish: 0.4208
140/300 [=============>................] - ETA: 0s - loss: 0.3265 - task_finish: 0.4186
155/300 [==============>...............] - ETA: 0s - loss: 0.3213 - task_finish: 0.4116
170/300 [================>.............] - ETA: 0s - loss: 0.3151 - task_finish: 0.4071
185/300 [=================>............] - ETA: 0s - loss: 0.3026 - task_finish: 0.3870
200/300 [===================>..........] - ETA: 0s - loss: 0.3043 - task_finish: 0.4010
215/300 [====================>.........] - ETA: 0s - loss: 0.3111 - task_finish: 0.4056
230/300 [======================>.......] - ETA: 0s - loss: 0.3050 - task_finish: 0.3974
245/300 [=======================>......] - ETA: 0s - loss: 0.2987 - task_finish: 0.3812
260/300 [=========================>....] - ETA: 0s - loss: 0.3044 - task_finish: 0.3892
275/300 [==========================>...] - ETA: 0s - loss: 0.3065 - task_finish: 0.3905
290/300 [============================>.] - ETA: 0s - loss: 0.3075 - task_finish: 0.3890
300/300 [==============================] - 1s 4ms/step - loss: 0.3057 - task_finish: 0.3807
[Finished in 37.1s]